d:\vncsihl\ultravnc_src_907\ultravnc project root\ultravnc\winvnc\release\vc120.pdb
d:\vncsihl\ultravnc_src_907\ultravnc project root\ultravnc\winvnc\release\rfbupdatetracker.obj
d:\vncsihl\ultravnc_src_907\ultravnc project root\ultravnc\winvnc\release\rfbregion_x11.obj
d:\vncsihl\ultravnc_src_907\ultravnc project root\ultravnc\winvnc\release\rfbregion_win32.obj
d:\vncsihl\ultravnc_src_907\ultravnc project root\ultravnc\winvnc\release\read_write_ini.obj
d:\vncsihl\ultravnc_src_907\ultravnc project root\ultravnc\winvnc\release\ipc.obj
d:\vncsihl\ultravnc_src_907\ultravnc project root\ultravnc\winvnc\release\inifile.obj
d:\vncsihl\ultravnc_src_907\ultravnc project root\ultravnc\winvnc\release\httpconnect.obj
d:\vncsihl\ultravnc_src_907\ultravnc project root\ultravnc\winvnc\release\hidedesktop.obj
d:\vncsihl\ultravnc_src_907\ultravnc project root\ultravnc\winvnc\release\helpers.obj
d:\vncsihl\ultravnc_src_907\ultravnc project root\ultravnc\winvnc\release\getinfo.obj
d:\vncsihl\ultravnc_src_907\ultravnc project root\ultravnc\winvnc\release\dtwinver.obj
d:\vncsihl\ultravnc_src_907\ultravnc project root\ultravnc\winvnc\release\dsmplugin.obj
d:\vncsihl\ultravnc_src_907\ultravnc project root\ultravnc\winvnc\release\dh.obj
d:\vncsihl\ultravnc_src_907\ultravnc project root\ultravnc\winvnc\release\cpuusage.obj
d:\vncsihl\ultravnc_src_907\ultravnc project root\ultravnc\winvnc\release\buildtime.obj
d:\vncsihl\ultravnc_src_907\ultravnc project root\ultravnc\winvnc\release\black_layered.obj
d:\vncsihl\ultravnc_src_907\ultravnc project root\ultravnc\winvnc\release\benchmark.obj
d:\vncsihl\ultravnc_src_907\ultravnc project root\ultravnc\winvnc\release\vncencodecorre.obj
d:\vncsihl\ultravnc_src_907\ultravnc project root\ultravnc\winvnc\release\vncbuffer.obj
d:\vncsihl\ultravnc_src_907\ultravnc project root\ultravnc\winvnc\release\vncacceptdialog.obj
d:\vncsihl\ultravnc_src_907\ultravnc project root\ultravnc\winvnc\release\vncabout.obj
d:\vncsihl\ultravnc_src_907\ultravnc project root\ultravnc\winvnc\release\videodrivercheck.obj
d:\vncsihl\ultravnc_src_907\ultravnc project root\ultravnc\winvnc\release\videodriver.obj
d:\vncsihl\ultravnc_src_907\ultravnc project root\ultravnc\winvnc\release\uvncuiaccess.obj
d:\vncsihl\ultravnc_src_907\ultravnc project root\ultravnc\winvnc\release\translate.obj
d:\vncsihl\ultravnc_src_907\ultravnc project root\ultravnc\winvnc\release\stdhdrs.obj
d:\vncsihl\ultravnc_src_907\ultravnc project root\ultravnc\winvnc\release\service_motor.obj
d:\vncsihl\ultravnc_src_907\ultravnc project root\ultravnc\winvnc\release\service.obj
d:\vncsihl\ultravnc_src_907\ultravnc project root\ultravnc\winvnc\release\security.obj
d:\vncsihl\ultravnc_src_907\ultravnc project root\ultravnc\winvnc\release\vncosversion.obj
d:\vncsihl\ultravnc_src_907\ultravnc project root\ultravnc\winvnc\release\vncntlm.obj
d:\vncsihl\ultravnc_src_907\ultravnc project root\ultravnc\winvnc\release\vnclog.obj
d:\vncsihl\ultravnc_src_907\ultravnc project root\ultravnc\winvnc\release\vnckeymap.obj
d:\vncsihl\ultravnc_src_907\ultravnc project root\ultravnc\winvnc\release\vncinsthandler.obj
d:\vncsihl\ultravnc_src_907\ultravnc project root\ultravnc\winvnc\release\vncencodezrle.obj
d:\vncsihl\ultravnc_src_907\ultravnc project root\ultravnc\winvnc\release\vncencodeultra2.obj
d:\vncsihl\ultravnc_src_907\ultravnc project root\ultravnc\winvnc\release\vncencodeultra.obj
d:\vncsihl\ultravnc_src_907\ultravnc project root\ultravnc\winvnc\release\vncencoderre.obj
d:\vncsihl\ultravnc_src_907\ultravnc project root\ultravnc\winvnc\release\vncencodercursor.obj
d:\vncsihl\ultravnc_src_907\ultravnc project root\ultravnc\winvnc\release\vncencoder.obj
d:\vncsihl\ultravnc_src_907\ultravnc project root\ultravnc\winvnc\release\vncencodehext.obj
d:\vncsihl\ultravnc_src_907\ultravnc project root\ultravnc\winvnc\release\zipunzip32.obj
d:\vncsihl\ultravnc_src_907\ultravnc project root\ultravnc\winvnc\release\win32_helpers.obj
d:\vncsihl\ultravnc_src_907\ultravnc project root\ultravnc\winvnc\release\vsocket.obj
d:\vncsihl\ultravnc_src_907\ultravnc project root\ultravnc\winvnc\release\vnctimedmsgbox.obj
d:\vncsihl\ultravnc_src_907\ultravnc project root\ultravnc\winvnc\winvnc\ipp\winvnc.tlog\cl.command.1.tlog
d:\vncsihl\ultravnc_src_907\ultravnc project root\ultravnc\winvnc\winvnc\ipp\winvnc.tlog\cl.read.1.tlog
d:\vncsihl\ultravnc_src_907\ultravnc project root\ultravnc\winvnc\winvnc\ipp\winvnc.tlog\cl.write.1.tlog
