d:\dropbox\dropbox\fontes vncsihl\lrepeater1200_src\repeater\debug\vc120.pdb
d:\dropbox\dropbox\fontes vncsihl\lrepeater1200_src\repeater\debug\vc120.idb
d:\dropbox\dropbox\fontes vncsihl\lrepeater1200_src\repeater\debug\lists_functions.obj
d:\dropbox\dropbox\fontes vncsihl\lrepeater1200_src\repeater\debug\mode12_listener.obj
d:\dropbox\dropbox\fontes vncsihl\lrepeater1200_src\repeater\debug\mode2_listener_server.obj
d:\dropbox\dropbox\fontes vncsihl\lrepeater1200_src\repeater\debug\socket_functions.obj
d:\dropbox\dropbox\fontes vncsihl\lrepeater1200_src\repeater\debug\gui1.obj
d:\dropbox\dropbox\fontes vncsihl\lrepeater1200_src\repeater\debug\repeater1.obj
d:\dropbox\dropbox\fontes vncsihl\lrepeater1200_src\repeater\debug\settings.obj
d:\dropbox\dropbox\fontes vncsihl\lrepeater1200_src\repeater\debug\webclib.obj
d:\dropbox\dropbox\fontes vncsihl\lrepeater1200_src\repeater\debug\webfs.obj
d:\dropbox\dropbox\fontes vncsihl\lrepeater1200_src\repeater\debug\webio.obj
d:\dropbox\dropbox\fontes vncsihl\lrepeater1200_src\repeater\debug\webobjs.obj
d:\dropbox\dropbox\fontes vncsihl\lrepeater1200_src\repeater\debug\websys.obj
d:\dropbox\dropbox\fontes vncsihl\lrepeater1200_src\repeater\debug\webtest.obj
d:\dropbox\dropbox\fontes vncsihl\lrepeater1200_src\repeater\debug\webutils.obj
d:\dropbox\dropbox\fontes vncsihl\lrepeater1200_src\repeater\debug\wsfdata.obj
d:\dropbox\dropbox\fontes vncsihl\lrepeater1200_src\repeater\debug\resources.res
d:\dropbox\dropbox\fontes vncsihl\lrepeater1200_src\repeater\debug\distributervs2012.pdb
d:\dropbox\dropbox\fontes vncsihl\lrepeater1200_src\repeater\debug\distribu.efa96a16.tlog\cl.command.1.tlog
d:\dropbox\dropbox\fontes vncsihl\lrepeater1200_src\repeater\debug\distribu.efa96a16.tlog\cl.read.1.tlog
d:\dropbox\dropbox\fontes vncsihl\lrepeater1200_src\repeater\debug\distribu.efa96a16.tlog\cl.write.1.tlog
d:\dropbox\dropbox\fontes vncsihl\lrepeater1200_src\repeater\debug\distribu.efa96a16.tlog\link-cvtres.read.1.tlog
d:\dropbox\dropbox\fontes vncsihl\lrepeater1200_src\repeater\debug\distribu.efa96a16.tlog\link-cvtres.write.1.tlog
d:\dropbox\dropbox\fontes vncsihl\lrepeater1200_src\repeater\debug\distribu.efa96a16.tlog\link-rc.read.1.tlog
d:\dropbox\dropbox\fontes vncsihl\lrepeater1200_src\repeater\debug\distribu.efa96a16.tlog\link-rc.write.1.tlog
d:\dropbox\dropbox\fontes vncsihl\lrepeater1200_src\repeater\debug\distribu.efa96a16.tlog\link.command.1.tlog
d:\dropbox\dropbox\fontes vncsihl\lrepeater1200_src\repeater\debug\distribu.efa96a16.tlog\link.read.1.tlog
d:\dropbox\dropbox\fontes vncsihl\lrepeater1200_src\repeater\debug\distribu.efa96a16.tlog\link.write.1.tlog
d:\dropbox\dropbox\fontes vncsihl\lrepeater1200_src\repeater\debug\distribu.efa96a16.tlog\rc.command.1.tlog
d:\dropbox\dropbox\fontes vncsihl\lrepeater1200_src\repeater\debug\distribu.efa96a16.tlog\rc.read.1.tlog
d:\dropbox\dropbox\fontes vncsihl\lrepeater1200_src\repeater\debug\distribu.efa96a16.tlog\rc.write.1.tlog
