d:\dropbox\dropbox\fontes vncsihl\ultravnc_src_907\ultravnc project root\ultravnc\zipunzip_src\zip20\windll\visualc\lib\debug\zipup.obj
d:\dropbox\dropbox\fontes vncsihl\ultravnc_src_907\ultravnc project root\ultravnc\zipunzip_src\zip20\windll\visualc\lib\debug\zipfile.obj
d:\dropbox\dropbox\fontes vncsihl\ultravnc_src_907\ultravnc project root\ultravnc\zipunzip_src\zip20\windll\visualc\lib\debug\zip.obj
d:\dropbox\dropbox\fontes vncsihl\ultravnc_src_907\ultravnc project root\ultravnc\zipunzip_src\zip20\windll\visualc\lib\debug\windll.obj
d:\dropbox\dropbox\fontes vncsihl\ultravnc_src_907\ultravnc project root\ultravnc\zipunzip_src\zip20\windll\visualc\lib\debug\win32zip.obj
d:\dropbox\dropbox\fontes vncsihl\ultravnc_src_907\ultravnc project root\ultravnc\zipunzip_src\zip20\windll\visualc\lib\debug\win32.obj
d:\dropbox\dropbox\fontes vncsihl\ultravnc_src_907\ultravnc project root\ultravnc\zipunzip_src\zip20\windll\visualc\lib\debug\util.obj
d:\dropbox\dropbox\fontes vncsihl\ultravnc_src_907\ultravnc project root\ultravnc\zipunzip_src\zip20\windll\visualc\lib\debug\ttyio.obj
d:\dropbox\dropbox\fontes vncsihl\ultravnc_src_907\ultravnc project root\ultravnc\zipunzip_src\zip20\windll\visualc\lib\debug\trees.obj
d:\dropbox\dropbox\fontes vncsihl\ultravnc_src_907\ultravnc project root\ultravnc\zipunzip_src\zip20\windll\visualc\lib\debug\nt.obj
d:\dropbox\dropbox\fontes vncsihl\ultravnc_src_907\ultravnc project root\ultravnc\zipunzip_src\zip20\windll\visualc\lib\debug\globals.obj
d:\dropbox\dropbox\fontes vncsihl\ultravnc_src_907\ultravnc project root\ultravnc\zipunzip_src\zip20\windll\visualc\lib\debug\fileio.obj
d:\dropbox\dropbox\fontes vncsihl\ultravnc_src_907\ultravnc project root\ultravnc\zipunzip_src\zip20\windll\visualc\lib\debug\deflate.obj
d:\dropbox\dropbox\fontes vncsihl\ultravnc_src_907\ultravnc project root\ultravnc\zipunzip_src\zip20\windll\visualc\lib\debug\crypt.obj
d:\dropbox\dropbox\fontes vncsihl\ultravnc_src_907\ultravnc project root\ultravnc\zipunzip_src\zip20\windll\visualc\lib\debug\crctab.obj
d:\dropbox\dropbox\fontes vncsihl\ultravnc_src_907\ultravnc project root\ultravnc\zipunzip_src\zip20\windll\visualc\lib\debug\crc32.obj
d:\dropbox\dropbox\fontes vncsihl\ultravnc_src_907\ultravnc project root\ultravnc\zipunzip_src\zip20\windll\visualc\lib\debug\api.obj
d:\dropbox\dropbox\fontes vncsihl\ultravnc_src_907\ultravnc project root\ultravnc\vncviewer\debug\zip32.lib
d:\dropbox\dropbox\fontes vncsihl\ultravnc_src_907\ultravnc project root\ultravnc\zipunzip_src\zip20\windll\visualc\lib\debug\windll.res
d:\dropbox\dropbox\fontes vncsihl\ultravnc_src_907\ultravnc project root\ultravnc\zipunzip_src\zip20\windll\visualc\lib\debug\zip32.tlog\cl.command.1.tlog
d:\dropbox\dropbox\fontes vncsihl\ultravnc_src_907\ultravnc project root\ultravnc\zipunzip_src\zip20\windll\visualc\lib\debug\zip32.tlog\cl.read.1.tlog
d:\dropbox\dropbox\fontes vncsihl\ultravnc_src_907\ultravnc project root\ultravnc\zipunzip_src\zip20\windll\visualc\lib\debug\zip32.tlog\cl.write.1.tlog
d:\dropbox\dropbox\fontes vncsihl\ultravnc_src_907\ultravnc project root\ultravnc\zipunzip_src\zip20\windll\visualc\lib\debug\zip32.tlog\lib-link-cvtres.read.1.tlog
d:\dropbox\dropbox\fontes vncsihl\ultravnc_src_907\ultravnc project root\ultravnc\zipunzip_src\zip20\windll\visualc\lib\debug\zip32.tlog\lib-link-cvtres.write.1.tlog
d:\dropbox\dropbox\fontes vncsihl\ultravnc_src_907\ultravnc project root\ultravnc\zipunzip_src\zip20\windll\visualc\lib\debug\zip32.tlog\lib.command.1.tlog
d:\dropbox\dropbox\fontes vncsihl\ultravnc_src_907\ultravnc project root\ultravnc\zipunzip_src\zip20\windll\visualc\lib\debug\zip32.tlog\rc.command.1.tlog
d:\dropbox\dropbox\fontes vncsihl\ultravnc_src_907\ultravnc project root\ultravnc\zipunzip_src\zip20\windll\visualc\lib\debug\zip32.tlog\rc.read.1.tlog
d:\dropbox\dropbox\fontes vncsihl\ultravnc_src_907\ultravnc project root\ultravnc\zipunzip_src\zip20\windll\visualc\lib\debug\zip32.tlog\rc.write.1.tlog
