Build started 02/06/2015 12:57:22.
     1>Project "D:\vncsihl\ultravnc_src_907\UltraVNC Project Root\UltraVNC\addon\ms-logon\MSLogonACL\MSLogonACLv12.vcxproj" on node 3 (Build target(s)).
     1>CustomBuild:
         Create Buildtime for VERSIONINFO
         buildtime.in
                 1 arquivo(s) movido(s).
       ClCompile:
         C:\Program Files (x86)\Microsoft Visual Studio 12.0\VC\bin\CL.exe /c /ZI /nologo /W3 /WX- /Od /Oy- /D WIN32 /D _DEBUG /D _CONSOLE /D UNICODE /D _CRT_SECURE_NO_WARNINGS /D _UNICODE /D UNICODE /Gm /EHsc /RTC1 /MTd /GS /fp:precise /Zc:wchar_t /Zc:forScope /Fo"Debug\\" /Fd"Debug\vc120.pdb" /Gd /TP /analyze- /errorReport:prompt MSLogonACL.cpp vncExportACL.cpp vncImportACL.cpp
         vncImportACL.cpp
         vncExportACL.cpp
         MSLogonACL.cpp
         Generating Code...
       ResourceCompile:
         C:\Program Files (x86)\Windows Kits\8.1\bin\x86\rc.exe /D _DEBUG /D _UNICODE /D UNICODE /l"0x0407" /nologo /fo"Debug\MSLogonACL.res" MSLogonACL.rc 
       Link:
         C:\Program Files (x86)\Microsoft Visual Studio 12.0\VC\bin\link.exe /ERRORREPORT:PROMPT /OUT:"D:\vncsihl\ultravnc_src_907\UltraVNC Project Root\UltraVNC\winvnc\Debug\MSLogonACL.exe" /INCREMENTAL /NOLOGO odbc32.lib odbccp32.lib netapi32.lib kernel32.lib user32.lib gdi32.lib winspool.lib comdlg32.lib advapi32.lib shell32.lib ole32.lib oleaut32.lib uuid.lib odbc32.lib odbccp32.lib /MANIFEST /MANIFESTUAC:"level='asInvoker' uiAccess='false'" /manifest:embed /DEBUG /PDB:"D:\vncsihl\ultravnc_src_907\UltraVNC Project Root\UltraVNC\winvnc\Debug\MSLogonACL.pdb" /SUBSYSTEM:CONSOLE /TLBID:1 /DYNAMICBASE:NO /IMPLIB:"D:\vncsihl\ultravnc_src_907\UltraVNC Project Root\UltraVNC\winvnc\Debug\MSLogonACL.lib" /MACHINE:X86 /SAFESEH Debug\MSLogonACL.res
         Debug\MSLogonACL.obj
         Debug\vncExportACL.obj
         Debug\vncImportACL.obj
     1>MSLogonACL.obj : warning LNK4075: ignoring '/EDITANDCONTINUE' due to '/SAFESEH' specification
         MSLogonACLv12.vcxproj -> D:\vncsihl\ultravnc_src_907\UltraVNC Project Root\UltraVNC\winvnc\Debug\MSLogonACL.exe
     1>Done Building Project "D:\vncsihl\ultravnc_src_907\UltraVNC Project Root\UltraVNC\addon\ms-logon\MSLogonACL\MSLogonACLv12.vcxproj" (Build target(s)).

Build succeeded.

Time Elapsed 00:00:04.48
