d:\vncsihl\ultravnc_src_907\ultravnc project root\ultravnc\libjpeg-turbo-win\debuglib-static\vc120.pdb
d:\vncsihl\ultravnc_src_907\ultravnc project root\ultravnc\libjpeg-turbo-win\debuglib-static\vc120.idb
d:\vncsihl\ultravnc_src_907\ultravnc project root\ultravnc\libjpeg-turbo-win\debuglib-static\jdmaster.obj
d:\vncsihl\ultravnc_src_907\ultravnc project root\ultravnc\libjpeg-turbo-win\debuglib-static\jdmerge.obj
d:\vncsihl\ultravnc_src_907\ultravnc project root\ultravnc\libjpeg-turbo-win\debuglib-static\jdphuff.obj
d:\vncsihl\ultravnc_src_907\ultravnc project root\ultravnc\libjpeg-turbo-win\debuglib-static\jdpostct.obj
d:\vncsihl\ultravnc_src_907\ultravnc project root\ultravnc\libjpeg-turbo-win\debuglib-static\jdsample.obj
d:\vncsihl\ultravnc_src_907\ultravnc project root\ultravnc\libjpeg-turbo-win\debuglib-static\jdtrans.obj
d:\vncsihl\ultravnc_src_907\ultravnc project root\ultravnc\libjpeg-turbo-win\debuglib-static\jerror.obj
d:\vncsihl\ultravnc_src_907\ultravnc project root\ultravnc\libjpeg-turbo-win\debuglib-static\jfdctflt.obj
d:\vncsihl\ultravnc_src_907\ultravnc project root\ultravnc\libjpeg-turbo-win\debuglib-static\jfdctfst.obj
d:\vncsihl\ultravnc_src_907\ultravnc project root\ultravnc\libjpeg-turbo-win\debuglib-static\jfdctint.obj
d:\vncsihl\ultravnc_src_907\ultravnc project root\ultravnc\libjpeg-turbo-win\debuglib-static\jidctflt.obj
d:\vncsihl\ultravnc_src_907\ultravnc project root\ultravnc\libjpeg-turbo-win\debuglib-static\jidctfst.obj
d:\vncsihl\ultravnc_src_907\ultravnc project root\ultravnc\libjpeg-turbo-win\debuglib-static\jidctint.obj
d:\vncsihl\ultravnc_src_907\ultravnc project root\ultravnc\libjpeg-turbo-win\debuglib-static\jidctred.obj
d:\vncsihl\ultravnc_src_907\ultravnc project root\ultravnc\libjpeg-turbo-win\debuglib-static\jmemmgr.obj
d:\vncsihl\ultravnc_src_907\ultravnc project root\ultravnc\libjpeg-turbo-win\debuglib-static\jmemnobs.obj
d:\vncsihl\ultravnc_src_907\ultravnc project root\ultravnc\libjpeg-turbo-win\debuglib-static\jquant1.obj
d:\vncsihl\ultravnc_src_907\ultravnc project root\ultravnc\libjpeg-turbo-win\debuglib-static\jquant2.obj
d:\vncsihl\ultravnc_src_907\ultravnc project root\ultravnc\libjpeg-turbo-win\debuglib-static\jsimd_i386.obj
d:\vncsihl\ultravnc_src_907\ultravnc project root\ultravnc\libjpeg-turbo-win\debuglib-static\jutils.obj
d:\vncsihl\ultravnc_src_907\ultravnc project root\ultravnc\libjpeg-turbo-win\debuglib-static\jcmarker.obj
d:\vncsihl\ultravnc_src_907\ultravnc project root\ultravnc\libjpeg-turbo-win\debuglib-static\jcmaster.obj
d:\vncsihl\ultravnc_src_907\ultravnc project root\ultravnc\libjpeg-turbo-win\debuglib-static\jcomapi.obj
d:\vncsihl\ultravnc_src_907\ultravnc project root\ultravnc\libjpeg-turbo-win\debuglib-static\jcparam.obj
d:\vncsihl\ultravnc_src_907\ultravnc project root\ultravnc\libjpeg-turbo-win\debuglib-static\jcphuff.obj
d:\vncsihl\ultravnc_src_907\ultravnc project root\ultravnc\libjpeg-turbo-win\debuglib-static\jcprepct.obj
d:\vncsihl\ultravnc_src_907\ultravnc project root\ultravnc\libjpeg-turbo-win\debuglib-static\jcsample.obj
d:\vncsihl\ultravnc_src_907\ultravnc project root\ultravnc\libjpeg-turbo-win\debuglib-static\jctrans.obj
d:\vncsihl\ultravnc_src_907\ultravnc project root\ultravnc\libjpeg-turbo-win\debuglib-static\jdapimin.obj
d:\vncsihl\ultravnc_src_907\ultravnc project root\ultravnc\libjpeg-turbo-win\debuglib-static\jdapistd.obj
d:\vncsihl\ultravnc_src_907\ultravnc project root\ultravnc\libjpeg-turbo-win\debuglib-static\jdarith.obj
d:\vncsihl\ultravnc_src_907\ultravnc project root\ultravnc\libjpeg-turbo-win\debuglib-static\jdatadst.obj
d:\vncsihl\ultravnc_src_907\ultravnc project root\ultravnc\libjpeg-turbo-win\debuglib-static\jdatasrc.obj
d:\vncsihl\ultravnc_src_907\ultravnc project root\ultravnc\libjpeg-turbo-win\debuglib-static\jdcoefct.obj
d:\vncsihl\ultravnc_src_907\ultravnc project root\ultravnc\libjpeg-turbo-win\debuglib-static\jdcolor.obj
d:\vncsihl\ultravnc_src_907\ultravnc project root\ultravnc\libjpeg-turbo-win\debuglib-static\jddctmgr.obj
d:\vncsihl\ultravnc_src_907\ultravnc project root\ultravnc\libjpeg-turbo-win\debuglib-static\jdhuff.obj
d:\vncsihl\ultravnc_src_907\ultravnc project root\ultravnc\libjpeg-turbo-win\debuglib-static\jdinput.obj
d:\vncsihl\ultravnc_src_907\ultravnc project root\ultravnc\libjpeg-turbo-win\debuglib-static\jdmainct.obj
d:\vncsihl\ultravnc_src_907\ultravnc project root\ultravnc\libjpeg-turbo-win\debuglib-static\jdmarker.obj
d:\vncsihl\ultravnc_src_907\ultravnc project root\ultravnc\libjpeg-turbo-win\debuglib-static\jaricom.obj
d:\vncsihl\ultravnc_src_907\ultravnc project root\ultravnc\libjpeg-turbo-win\debuglib-static\jcapimin.obj
d:\vncsihl\ultravnc_src_907\ultravnc project root\ultravnc\libjpeg-turbo-win\debuglib-static\jcapistd.obj
d:\vncsihl\ultravnc_src_907\ultravnc project root\ultravnc\libjpeg-turbo-win\debuglib-static\jcarith.obj
d:\vncsihl\ultravnc_src_907\ultravnc project root\ultravnc\libjpeg-turbo-win\debuglib-static\jccoefct.obj
d:\vncsihl\ultravnc_src_907\ultravnc project root\ultravnc\libjpeg-turbo-win\debuglib-static\jccolor.obj
d:\vncsihl\ultravnc_src_907\ultravnc project root\ultravnc\libjpeg-turbo-win\debuglib-static\jcdctmgr.obj
d:\vncsihl\ultravnc_src_907\ultravnc project root\ultravnc\libjpeg-turbo-win\debuglib-static\jchuff.obj
d:\vncsihl\ultravnc_src_907\ultravnc project root\ultravnc\libjpeg-turbo-win\debuglib-static\jcinit.obj
d:\vncsihl\ultravnc_src_907\ultravnc project root\ultravnc\libjpeg-turbo-win\debuglib-static\jcmainct.obj
d:\vncsihl\ultravnc_src_907\ultravnc project root\ultravnc\vncviewer\debuglib-static\jccolmmx.obj
d:\vncsihl\ultravnc_src_907\ultravnc project root\ultravnc\vncviewer\debuglib-static\jccolss2.obj
d:\vncsihl\ultravnc_src_907\ultravnc project root\ultravnc\vncviewer\debuglib-static\jcqnt3dn.obj
d:\vncsihl\ultravnc_src_907\ultravnc project root\ultravnc\vncviewer\debuglib-static\jcqntmmx.obj
d:\vncsihl\ultravnc_src_907\ultravnc project root\ultravnc\vncviewer\debuglib-static\jcqnts2f.obj
d:\vncsihl\ultravnc_src_907\ultravnc project root\ultravnc\vncviewer\debuglib-static\jcqnts2i.obj
d:\vncsihl\ultravnc_src_907\ultravnc project root\ultravnc\vncviewer\debuglib-static\jcqntsse.obj
d:\vncsihl\ultravnc_src_907\ultravnc project root\ultravnc\vncviewer\debuglib-static\jcsammmx.obj
d:\vncsihl\ultravnc_src_907\ultravnc project root\ultravnc\vncviewer\debuglib-static\jcsamss2.obj
d:\vncsihl\ultravnc_src_907\ultravnc project root\ultravnc\vncviewer\debuglib-static\jdcolmmx.obj
d:\vncsihl\ultravnc_src_907\ultravnc project root\ultravnc\vncviewer\debuglib-static\jdcolss2.obj
d:\vncsihl\ultravnc_src_907\ultravnc project root\ultravnc\vncviewer\debuglib-static\jdmermmx.obj
d:\vncsihl\ultravnc_src_907\ultravnc project root\ultravnc\vncviewer\debuglib-static\jdmerss2.obj
d:\vncsihl\ultravnc_src_907\ultravnc project root\ultravnc\vncviewer\debuglib-static\jdsammmx.obj
d:\vncsihl\ultravnc_src_907\ultravnc project root\ultravnc\vncviewer\debuglib-static\jdsamss2.obj
d:\vncsihl\ultravnc_src_907\ultravnc project root\ultravnc\vncviewer\debuglib-static\jf3dnflt.obj
d:\vncsihl\ultravnc_src_907\ultravnc project root\ultravnc\vncviewer\debuglib-static\jfmmxfst.obj
d:\vncsihl\ultravnc_src_907\ultravnc project root\ultravnc\vncviewer\debuglib-static\jfmmxint.obj
d:\vncsihl\ultravnc_src_907\ultravnc project root\ultravnc\vncviewer\debuglib-static\jfss2fst.obj
d:\vncsihl\ultravnc_src_907\ultravnc project root\ultravnc\vncviewer\debuglib-static\jfss2int.obj
d:\vncsihl\ultravnc_src_907\ultravnc project root\ultravnc\vncviewer\debuglib-static\jfsseflt.obj
d:\vncsihl\ultravnc_src_907\ultravnc project root\ultravnc\vncviewer\debuglib-static\ji3dnflt.obj
d:\vncsihl\ultravnc_src_907\ultravnc project root\ultravnc\vncviewer\debuglib-static\jimmxfst.obj
d:\vncsihl\ultravnc_src_907\ultravnc project root\ultravnc\vncviewer\debuglib-static\jimmxint.obj
d:\vncsihl\ultravnc_src_907\ultravnc project root\ultravnc\vncviewer\debuglib-static\jimmxred.obj
d:\vncsihl\ultravnc_src_907\ultravnc project root\ultravnc\vncviewer\debuglib-static\jiss2flt.obj
d:\vncsihl\ultravnc_src_907\ultravnc project root\ultravnc\vncviewer\debuglib-static\jiss2fst.obj
d:\vncsihl\ultravnc_src_907\ultravnc project root\ultravnc\vncviewer\debuglib-static\jiss2int.obj
d:\vncsihl\ultravnc_src_907\ultravnc project root\ultravnc\vncviewer\debuglib-static\jiss2red.obj
d:\vncsihl\ultravnc_src_907\ultravnc project root\ultravnc\vncviewer\debuglib-static\jisseflt.obj
d:\vncsihl\ultravnc_src_907\ultravnc project root\ultravnc\vncviewer\debuglib-static\jsimdcpu.obj
d:\vncsihl\ultravnc_src_907\ultravnc project root\ultravnc\vncviewer\debuglib-static\jcgrass2.obj
d:\vncsihl\ultravnc_src_907\ultravnc project root\ultravnc\vncviewer\debuglib-static\jcgrammx.obj
d:\vncsihl\ultravnc_src_907\ultravnc project root\ultravnc\vncviewer\debuglib-static\libjpeg-turbo-win-static.lib
d:\vncsihl\ultravnc_src_907\ultravnc project root\ultravnc\libjpeg-turbo-win\debuglib-static\libjpeg-.04f91fa4.tlog\cl.command.1.tlog
d:\vncsihl\ultravnc_src_907\ultravnc project root\ultravnc\libjpeg-turbo-win\debuglib-static\libjpeg-.04f91fa4.tlog\cl.read.1.tlog
d:\vncsihl\ultravnc_src_907\ultravnc project root\ultravnc\libjpeg-turbo-win\debuglib-static\libjpeg-.04f91fa4.tlog\cl.write.1.tlog
d:\vncsihl\ultravnc_src_907\ultravnc project root\ultravnc\libjpeg-turbo-win\debuglib-static\libjpeg-.04f91fa4.tlog\custombuild.command.1.tlog
d:\vncsihl\ultravnc_src_907\ultravnc project root\ultravnc\libjpeg-turbo-win\debuglib-static\libjpeg-.04f91fa4.tlog\custombuild.read.1.tlog
d:\vncsihl\ultravnc_src_907\ultravnc project root\ultravnc\libjpeg-turbo-win\debuglib-static\libjpeg-.04f91fa4.tlog\custombuild.write.1.tlog
d:\vncsihl\ultravnc_src_907\ultravnc project root\ultravnc\libjpeg-turbo-win\debuglib-static\libjpeg-.04f91fa4.tlog\lib-link.read.1.tlog
d:\vncsihl\ultravnc_src_907\ultravnc project root\ultravnc\libjpeg-turbo-win\debuglib-static\libjpeg-.04f91fa4.tlog\lib-link.write.1.tlog
d:\vncsihl\ultravnc_src_907\ultravnc project root\ultravnc\libjpeg-turbo-win\debuglib-static\libjpeg-.04f91fa4.tlog\lib.command.1.tlog
