Build started 02/06/2015 12:57:25.
     1>Project "D:\vncsihl\ultravnc_src_907\UltraVNC Project Root\UltraVNC\addon\ms-logon\workgrpdomnt4\workgrpdomnt4v12.vcxproj" on node 5 (Build target(s)).
     1>ClCompile:
         C:\Program Files (x86)\Microsoft Visual Studio 12.0\VC\bin\CL.exe /c /ZI /nologo /W3 /WX- /Od /Oy- /D WIN32 /D _DEBUG /D _WINDOWS /D WORKGRPDOMNT4_EXPORTS /D _CRT_SECURE_NO_WARNINGS /D _WINDLL /Gm /EHsc /RTC1 /MTd /GS /fp:precise /Zc:wchar_t /Zc:forScope /Fo"Debug\\" /Fd"Debug\vc120.pdb" /Gd /TP /analyze- /errorReport:prompt workgrpdomnt4.cpp
         workgrpdomnt4.cpp
     1>d:\vncsihl\ultravnc_src_907\ultravnc project root\ultravnc\addon\ms-logon\workgrpdomnt4\workgrpdomnt4.cpp(89): warning C4996: 'GetVersionExA': was declared deprecated
                 c:\program files (x86)\windows kits\8.1\include\um\sysinfoapi.h(433) : see declaration of 'GetVersionExA'
     1>d:\vncsihl\ultravnc_src_907\ultravnc project root\ultravnc\addon\ms-logon\workgrpdomnt4\workgrpdomnt4.cpp(504): warning C4996: 'GetVersionExA': was declared deprecated
                 c:\program files (x86)\windows kits\8.1\include\um\sysinfoapi.h(433) : see declaration of 'GetVersionExA'
       ResourceCompile:
         C:\Program Files (x86)\Windows Kits\8.1\bin\x86\rc.exe /D _DEBUG /l"0x0813" /nologo /fo"Debug\workgrpdomnt4.res" workgrpdomnt4.rc 
       Link:
         C:\Program Files (x86)\Microsoft Visual Studio 12.0\VC\bin\link.exe /ERRORREPORT:PROMPT /OUT:"D:\vncsihl\ultravnc_src_907\UltraVNC Project Root\UltraVNC\winvnc\Debug\workgrpdomnt4.dll" /INCREMENTAL /NOLOGO kernel32.lib user32.lib gdi32.lib winspool.lib comdlg32.lib advapi32.lib shell32.lib ole32.lib oleaut32.lib uuid.lib odbc32.lib odbccp32.lib /DEF:".\workgrpdomnt4.def" /MANIFEST /MANIFESTUAC:"level='asInvoker' uiAccess='false'" /manifest:embed /DEBUG /PDB:"D:\vncsihl\ultravnc_src_907\UltraVNC Project Root\UltraVNC\winvnc\Debug\workgrpdomnt4.pdb" /SUBSYSTEM:WINDOWS /TLBID:1 /DYNAMICBASE:NO /IMPLIB:"D:\vncsihl\ultravnc_src_907\UltraVNC Project Root\UltraVNC\winvnc\Debug\workgrpdomnt4.lib" /MACHINE:X86 /SAFESEH /DLL Debug\workgrpdomnt4.res
         Debug\workgrpdomnt4.obj
     1>workgrpdomnt4.obj : warning LNK4075: ignoring '/EDITANDCONTINUE' due to '/SAFESEH' specification
            Creating library D:\vncsihl\ultravnc_src_907\UltraVNC Project Root\UltraVNC\winvnc\Debug\workgrpdomnt4.lib and object D:\vncsihl\ultravnc_src_907\UltraVNC Project Root\UltraVNC\winvnc\Debug\workgrpdomnt4.exp
         workgrpdomnt4v12.vcxproj -> D:\vncsihl\ultravnc_src_907\UltraVNC Project Root\UltraVNC\winvnc\Debug\workgrpdomnt4.dll
     1>Done Building Project "D:\vncsihl\ultravnc_src_907\UltraVNC Project Root\UltraVNC\addon\ms-logon\workgrpdomnt4\workgrpdomnt4v12.vcxproj" (Build target(s)).

Build succeeded.

Time Elapsed 00:00:01.62
