d:\dropbox\dropbox\fontes vncsihl\ultravnc_src_907\ultravnc project root\ultravnc\vncviewer\debug\vncviewer.bsc
d:\dropbox\dropbox\fontes vncsihl\ultravnc_src_907\ultravnc project root\ultravnc\vncviewer\debug\vncviewer.pch
d:\dropbox\dropbox\fontes vncsihl\ultravnc_src_907\ultravnc project root\ultravnc\vncviewer\debug\vc120.pdb
d:\dropbox\dropbox\fontes vncsihl\ultravnc_src_907\ultravnc project root\ultravnc\vncviewer\debug\vc120.idb
d:\dropbox\dropbox\fontes vncsihl\ultravnc_src_907\ultravnc project root\ultravnc\vncviewer\debug\stdhdrs.sbr
d:\dropbox\dropbox\fontes vncsihl\ultravnc_src_907\ultravnc project root\ultravnc\vncviewer\debug\stdhdrs.obj
d:\dropbox\dropbox\fontes vncsihl\ultravnc_src_907\ultravnc project root\ultravnc\vncviewer\debug\zrle.sbr
d:\dropbox\dropbox\fontes vncsihl\ultravnc_src_907\ultravnc project root\ultravnc\vncviewer\debug\zipunzip32.sbr
d:\dropbox\dropbox\fontes vncsihl\ultravnc_src_907\ultravnc project root\ultravnc\vncviewer\debug\win32_helpers.sbr
d:\dropbox\dropbox\fontes vncsihl\ultravnc_src_907\ultravnc project root\ultravnc\vncviewer\debug\vncviewerapp32.sbr
d:\dropbox\dropbox\fontes vncsihl\ultravnc_src_907\ultravnc project root\ultravnc\vncviewer\debug\vncviewerapp.sbr
d:\dropbox\dropbox\fontes vncsihl\ultravnc_src_907\ultravnc project root\ultravnc\vncviewer\debug\vncviewer.sbr
d:\dropbox\dropbox\fontes vncsihl\ultravnc_src_907\ultravnc project root\ultravnc\vncviewer\debug\vncoptions.sbr
d:\dropbox\dropbox\fontes vncsihl\ultravnc_src_907\ultravnc project root\ultravnc\vncviewer\debug\textchat.sbr
d:\dropbox\dropbox\fontes vncsihl\ultravnc_src_907\ultravnc project root\ultravnc\vncviewer\debug\sessiondialog.sbr
d:\dropbox\dropbox\fontes vncsihl\ultravnc_src_907\ultravnc project root\ultravnc\vncviewer\debug\mru.sbr
d:\dropbox\dropbox\fontes vncsihl\ultravnc_src_907\ultravnc project root\ultravnc\vncviewer\debug\messbox2.sbr
d:\dropbox\dropbox\fontes vncsihl\ultravnc_src_907\ultravnc project root\ultravnc\vncviewer\debug\lowlevelhook.sbr
d:\dropbox\dropbox\fontes vncsihl\ultravnc_src_907\ultravnc project root\ultravnc\vncviewer\debug\log.sbr
d:\dropbox\dropbox\fontes vncsihl\ultravnc_src_907\ultravnc project root\ultravnc\vncviewer\debug\keymapjap.sbr
d:\dropbox\dropbox\fontes vncsihl\ultravnc_src_907\ultravnc project root\ultravnc\vncviewer\debug\keymap.sbr
d:\dropbox\dropbox\fontes vncsihl\ultravnc_src_907\ultravnc project root\ultravnc\vncviewer\debug\fullscreentitlebar.sbr
d:\dropbox\dropbox\fontes vncsihl\ultravnc_src_907\ultravnc project root\ultravnc\vncviewer\debug\filetransfer.sbr
d:\dropbox\dropbox\fontes vncsihl\ultravnc_src_907\ultravnc project root\ultravnc\vncviewer\debug\exception.sbr
d:\dropbox\dropbox\fontes vncsihl\ultravnc_src_907\ultravnc project root\ultravnc\vncviewer\debug\display.sbr
d:\dropbox\dropbox\fontes vncsihl\ultravnc_src_907\ultravnc project root\ultravnc\vncviewer\debug\directxviewer.sbr
d:\dropbox\dropbox\fontes vncsihl\ultravnc_src_907\ultravnc project root\ultravnc\vncviewer\debug\directxviewer.obj
d:\dropbox\dropbox\fontes vncsihl\ultravnc_src_907\ultravnc project root\ultravnc\vncviewer\debug\display.obj
d:\dropbox\dropbox\fontes vncsihl\ultravnc_src_907\ultravnc project root\ultravnc\vncviewer\debug\exception.obj
d:\dropbox\dropbox\fontes vncsihl\ultravnc_src_907\ultravnc project root\ultravnc\vncviewer\debug\filetransfer.obj
d:\dropbox\dropbox\fontes vncsihl\ultravnc_src_907\ultravnc project root\ultravnc\vncviewer\debug\fullscreentitlebar.obj
d:\dropbox\dropbox\fontes vncsihl\ultravnc_src_907\ultravnc project root\ultravnc\vncviewer\debug\keymap.obj
d:\dropbox\dropbox\fontes vncsihl\ultravnc_src_907\ultravnc project root\ultravnc\vncviewer\debug\keymapjap.obj
d:\dropbox\dropbox\fontes vncsihl\ultravnc_src_907\ultravnc project root\ultravnc\vncviewer\debug\log.obj
d:\dropbox\dropbox\fontes vncsihl\ultravnc_src_907\ultravnc project root\ultravnc\vncviewer\debug\lowlevelhook.obj
d:\dropbox\dropbox\fontes vncsihl\ultravnc_src_907\ultravnc project root\ultravnc\vncviewer\debug\messbox2.obj
d:\dropbox\dropbox\fontes vncsihl\ultravnc_src_907\ultravnc project root\ultravnc\vncviewer\debug\mru.obj
d:\dropbox\dropbox\fontes vncsihl\ultravnc_src_907\ultravnc project root\ultravnc\vncviewer\debug\sessiondialog.obj
d:\dropbox\dropbox\fontes vncsihl\ultravnc_src_907\ultravnc project root\ultravnc\vncviewer\debug\textchat.obj
d:\dropbox\dropbox\fontes vncsihl\ultravnc_src_907\ultravnc project root\ultravnc\vncviewer\debug\vncoptions.obj
d:\dropbox\dropbox\fontes vncsihl\ultravnc_src_907\ultravnc project root\ultravnc\vncviewer\debug\vncviewer.obj
d:\dropbox\dropbox\fontes vncsihl\ultravnc_src_907\ultravnc project root\ultravnc\vncviewer\debug\vncviewerapp.obj
d:\dropbox\dropbox\fontes vncsihl\ultravnc_src_907\ultravnc project root\ultravnc\vncviewer\debug\vncviewerapp32.obj
d:\dropbox\dropbox\fontes vncsihl\ultravnc_src_907\ultravnc project root\ultravnc\vncviewer\debug\win32_helpers.obj
d:\dropbox\dropbox\fontes vncsihl\ultravnc_src_907\ultravnc project root\ultravnc\vncviewer\debug\zipunzip32.obj
d:\dropbox\dropbox\fontes vncsihl\ultravnc_src_907\ultravnc project root\ultravnc\vncviewer\debug\zrle.obj
d:\dropbox\dropbox\fontes vncsihl\ultravnc_src_907\ultravnc project root\ultravnc\vncviewer\debug\dsmplugin.sbr
d:\dropbox\dropbox\fontes vncsihl\ultravnc_src_907\ultravnc project root\ultravnc\vncviewer\debug\dh.sbr
d:\dropbox\dropbox\fontes vncsihl\ultravnc_src_907\ultravnc project root\ultravnc\vncviewer\debug\daemon.sbr
d:\dropbox\dropbox\fontes vncsihl\ultravnc_src_907\ultravnc project root\ultravnc\vncviewer\debug\clipboard.sbr
d:\dropbox\dropbox\fontes vncsihl\ultravnc_src_907\ultravnc project root\ultravnc\vncviewer\debug\clientconnectionzlibhex.sbr
d:\dropbox\dropbox\fontes vncsihl\ultravnc_src_907\ultravnc project root\ultravnc\vncviewer\debug\clientconnectionzlib.sbr
d:\dropbox\dropbox\fontes vncsihl\ultravnc_src_907\ultravnc project root\ultravnc\vncviewer\debug\clientconnectionultra2.sbr
d:\dropbox\dropbox\fontes vncsihl\ultravnc_src_907\ultravnc project root\ultravnc\vncviewer\debug\clientconnectionultra.sbr
d:\dropbox\dropbox\fontes vncsihl\ultravnc_src_907\ultravnc project root\ultravnc\vncviewer\debug\clientconnectiontight.sbr
d:\dropbox\dropbox\fontes vncsihl\ultravnc_src_907\ultravnc project root\ultravnc\vncviewer\debug\clientconnectionrre.sbr
d:\dropbox\dropbox\fontes vncsihl\ultravnc_src_907\ultravnc project root\ultravnc\vncviewer\debug\clientconnectionraw.sbr
d:\dropbox\dropbox\fontes vncsihl\ultravnc_src_907\ultravnc project root\ultravnc\vncviewer\debug\clientconnectionhextile.sbr
d:\dropbox\dropbox\fontes vncsihl\ultravnc_src_907\ultravnc project root\ultravnc\vncviewer\debug\clientconnectionfullscreen.sbr
d:\dropbox\dropbox\fontes vncsihl\ultravnc_src_907\ultravnc project root\ultravnc\vncviewer\debug\clientconnectionfile.sbr
d:\dropbox\dropbox\fontes vncsihl\ultravnc_src_907\ultravnc project root\ultravnc\vncviewer\debug\clientconnectioncursor.sbr
d:\dropbox\dropbox\fontes vncsihl\ultravnc_src_907\ultravnc project root\ultravnc\vncviewer\debug\clientconnectioncorre.sbr
d:\dropbox\dropbox\fontes vncsihl\ultravnc_src_907\ultravnc project root\ultravnc\vncviewer\debug\clientconnectioncopyrect.sbr
d:\dropbox\dropbox\fontes vncsihl\ultravnc_src_907\ultravnc project root\ultravnc\vncviewer\debug\clientconnectionclipboard.sbr
d:\dropbox\dropbox\fontes vncsihl\ultravnc_src_907\ultravnc project root\ultravnc\vncviewer\debug\clientconnectioncacherect.sbr
d:\dropbox\dropbox\fontes vncsihl\ultravnc_src_907\ultravnc project root\ultravnc\vncviewer\debug\clientconnection.sbr
d:\dropbox\dropbox\fontes vncsihl\ultravnc_src_907\ultravnc project root\ultravnc\vncviewer\debug\clientconnection.obj
d:\dropbox\dropbox\fontes vncsihl\ultravnc_src_907\ultravnc project root\ultravnc\vncviewer\debug\clientconnectioncacherect.obj
d:\dropbox\dropbox\fontes vncsihl\ultravnc_src_907\ultravnc project root\ultravnc\vncviewer\debug\clientconnectionclipboard.obj
d:\dropbox\dropbox\fontes vncsihl\ultravnc_src_907\ultravnc project root\ultravnc\vncviewer\debug\clientconnectioncopyrect.obj
d:\dropbox\dropbox\fontes vncsihl\ultravnc_src_907\ultravnc project root\ultravnc\vncviewer\debug\clientconnectioncorre.obj
d:\dropbox\dropbox\fontes vncsihl\ultravnc_src_907\ultravnc project root\ultravnc\vncviewer\debug\clientconnectioncursor.obj
d:\dropbox\dropbox\fontes vncsihl\ultravnc_src_907\ultravnc project root\ultravnc\vncviewer\debug\clientconnectionfile.obj
d:\dropbox\dropbox\fontes vncsihl\ultravnc_src_907\ultravnc project root\ultravnc\vncviewer\debug\clientconnectionfullscreen.obj
d:\dropbox\dropbox\fontes vncsihl\ultravnc_src_907\ultravnc project root\ultravnc\vncviewer\debug\clientconnectionhextile.obj
d:\dropbox\dropbox\fontes vncsihl\ultravnc_src_907\ultravnc project root\ultravnc\vncviewer\debug\clientconnectionraw.obj
d:\dropbox\dropbox\fontes vncsihl\ultravnc_src_907\ultravnc project root\ultravnc\vncviewer\debug\clientconnectionrre.obj
d:\dropbox\dropbox\fontes vncsihl\ultravnc_src_907\ultravnc project root\ultravnc\vncviewer\debug\clientconnectiontight.obj
d:\dropbox\dropbox\fontes vncsihl\ultravnc_src_907\ultravnc project root\ultravnc\vncviewer\debug\clientconnectionultra.obj
d:\dropbox\dropbox\fontes vncsihl\ultravnc_src_907\ultravnc project root\ultravnc\vncviewer\debug\clientconnectionultra2.obj
d:\dropbox\dropbox\fontes vncsihl\ultravnc_src_907\ultravnc project root\ultravnc\vncviewer\debug\clientconnectionzlib.obj
d:\dropbox\dropbox\fontes vncsihl\ultravnc_src_907\ultravnc project root\ultravnc\vncviewer\debug\clientconnectionzlibhex.obj
d:\dropbox\dropbox\fontes vncsihl\ultravnc_src_907\ultravnc project root\ultravnc\vncviewer\debug\clipboard.obj
d:\dropbox\dropbox\fontes vncsihl\ultravnc_src_907\ultravnc project root\ultravnc\vncviewer\debug\daemon.obj
d:\dropbox\dropbox\fontes vncsihl\ultravnc_src_907\ultravnc project root\ultravnc\vncviewer\debug\dh.obj
d:\dropbox\dropbox\fontes vncsihl\ultravnc_src_907\ultravnc project root\ultravnc\vncviewer\debug\dsmplugin.obj
d:\dropbox\dropbox\fontes vncsihl\ultravnc_src_907\ultravnc project root\ultravnc\vncviewer\debug\buildtime.sbr
d:\dropbox\dropbox\fontes vncsihl\ultravnc_src_907\ultravnc project root\ultravnc\vncviewer\debug\authdialog.sbr
d:\dropbox\dropbox\fontes vncsihl\ultravnc_src_907\ultravnc project root\ultravnc\vncviewer\debug\accelkeys.sbr
d:\dropbox\dropbox\fontes vncsihl\ultravnc_src_907\ultravnc project root\ultravnc\vncviewer\debug\aboutbox.sbr
d:\dropbox\dropbox\fontes vncsihl\ultravnc_src_907\ultravnc project root\ultravnc\vncviewer\debug\aboutbox.obj
d:\dropbox\dropbox\fontes vncsihl\ultravnc_src_907\ultravnc project root\ultravnc\vncviewer\debug\accelkeys.obj
d:\dropbox\dropbox\fontes vncsihl\ultravnc_src_907\ultravnc project root\ultravnc\vncviewer\debug\authdialog.obj
d:\dropbox\dropbox\fontes vncsihl\ultravnc_src_907\ultravnc project root\ultravnc\vncviewer\debug\buildtime.obj
d:\dropbox\dropbox\fontes vncsihl\ultravnc_src_907\ultravnc project root\ultravnc\vncviewer\debug\vncauth.sbr
d:\dropbox\dropbox\fontes vncsihl\ultravnc_src_907\ultravnc project root\ultravnc\vncviewer\debug\minilzo.sbr
d:\dropbox\dropbox\fontes vncsihl\ultravnc_src_907\ultravnc project root\ultravnc\vncviewer\debug\d3des.sbr
d:\dropbox\dropbox\fontes vncsihl\ultravnc_src_907\ultravnc project root\ultravnc\vncviewer\debug\d3des.obj
d:\dropbox\dropbox\fontes vncsihl\ultravnc_src_907\ultravnc project root\ultravnc\vncviewer\debug\minilzo.obj
d:\dropbox\dropbox\fontes vncsihl\ultravnc_src_907\ultravnc project root\ultravnc\vncviewer\debug\vncauth.obj
d:\dropbox\dropbox\fontes vncsihl\ultravnc_src_907\ultravnc project root\ultravnc\vncviewer\debug\vncviewer.ilk
d:\dropbox\dropbox\fontes vncsihl\ultravnc_src_907\ultravnc project root\ultravnc\vncviewer\debug\vncviewer.exe
d:\dropbox\dropbox\fontes vncsihl\ultravnc_src_907\ultravnc project root\ultravnc\vncviewer\debug\vncviewer.map
d:\dropbox\dropbox\fontes vncsihl\ultravnc_src_907\ultravnc project root\ultravnc\vncviewer\debug\vncviewer.pdb
d:\dropbox\dropbox\fontes vncsihl\ultravnc_src_907\ultravnc project root\ultravnc\vncviewer\debug\vncviewer.res
d:\dropbox\dropbox\fontes vncsihl\ultravnc_src_907\ultravnc project root\ultravnc\vncviewer\debug\vncviewer.tlog\bscmake.command.1.tlog
d:\dropbox\dropbox\fontes vncsihl\ultravnc_src_907\ultravnc project root\ultravnc\vncviewer\debug\vncviewer.tlog\bscmake.read.1.tlog
d:\dropbox\dropbox\fontes vncsihl\ultravnc_src_907\ultravnc project root\ultravnc\vncviewer\debug\vncviewer.tlog\bscmake.write.1.tlog
d:\dropbox\dropbox\fontes vncsihl\ultravnc_src_907\ultravnc project root\ultravnc\vncviewer\debug\vncviewer.tlog\cl.command.1.tlog
d:\dropbox\dropbox\fontes vncsihl\ultravnc_src_907\ultravnc project root\ultravnc\vncviewer\debug\vncviewer.tlog\cl.read.1.tlog
d:\dropbox\dropbox\fontes vncsihl\ultravnc_src_907\ultravnc project root\ultravnc\vncviewer\debug\vncviewer.tlog\cl.write.1.tlog
d:\dropbox\dropbox\fontes vncsihl\ultravnc_src_907\ultravnc project root\ultravnc\vncviewer\debug\vncviewer.tlog\link.command.1.tlog
d:\dropbox\dropbox\fontes vncsihl\ultravnc_src_907\ultravnc project root\ultravnc\vncviewer\debug\vncviewer.tlog\link.read.1.tlog
d:\dropbox\dropbox\fontes vncsihl\ultravnc_src_907\ultravnc project root\ultravnc\vncviewer\debug\vncviewer.tlog\link.write.1.tlog
d:\dropbox\dropbox\fontes vncsihl\ultravnc_src_907\ultravnc project root\ultravnc\vncviewer\debug\vncviewer.tlog\rc.command.1.tlog
d:\dropbox\dropbox\fontes vncsihl\ultravnc_src_907\ultravnc project root\ultravnc\vncviewer\debug\vncviewer.tlog\rc.read.1.tlog
d:\dropbox\dropbox\fontes vncsihl\ultravnc_src_907\ultravnc project root\ultravnc\vncviewer\debug\vncviewer.tlog\rc.write.1.tlog
