Build started 25/05/2015 08:36:10.
     1>Project "D:\vncsihl\ultravnc_src_907\UltraVNC Project Root\UltraVNC\rdr\rdr.vcxproj" on node 3 (rebuild target(s)).
     1>_PrepareForClean:
         Deleting file "Debug\rdr.lastbuildstate".
       InitializeBuildStatus:
         Creating "Debug\rdr.unsuccessfulbuild" because "AlwaysCreate" was specified.
       ClCompile:
         C:\Program Files (x86)\Microsoft Visual Studio 10.0\VC\bin\CL.exe /c /I.. /I../zlib /ZI /nologo /W3 /WX- /Od /Oy- /D WIN32 /D _DEBUG /D _LIB /D _CRT_SECURE_NO_WARNINGS /D _MBCS /Gm /EHsc /RTC1 /MTd /GS /fp:precise /Zc:wchar_t /Zc:forScope /Fo"Debug\\" /Fd"Debug\vc100.pdb" /Gd /TP /analyze- /errorReport:prompt FdInStream.cxx FdOutStream.cxx InStream.cxx NullOutStream.cxx ZlibInStream.cxx ZlibOutStream.cxx
         ZlibOutStream.cxx
         ZlibInStream.cxx
         NullOutStream.cxx
         InStream.cxx
         FdOutStream.cxx
         FdInStream.cxx
         Generating Code...
       Lib:
         C:\Program Files (x86)\Microsoft Visual Studio 10.0\VC\bin\Lib.exe /OUT:"D:\vncsihl\ultravnc_src_907\UltraVNC Project Root\UltraVNC\winvnc\Debug\rdr.lib" /NOLOGO Debug\FdInStream.obj
         Debug\FdOutStream.obj
         Debug\InStream.obj
         Debug\NullOutStream.obj
         Debug\ZlibInStream.obj
         Debug\ZlibOutStream.obj
         rdr.vcxproj -> D:\vncsihl\ultravnc_src_907\UltraVNC Project Root\UltraVNC\winvnc\Debug\rdr.lib
       FinalizeBuildStatus:
         Deleting file "Debug\rdr.unsuccessfulbuild".
         Touching "Debug\rdr.lastbuildstate".
     1>Done Building Project "D:\vncsihl\ultravnc_src_907\UltraVNC Project Root\UltraVNC\rdr\rdr.vcxproj" (rebuild target(s)).

Build succeeded.

Time Elapsed 00:00:01.40
