Build started 06/07/2015 12:56:41.
     1>Project "D:\Dropbox\Dropbox\Fontes vncsihl\ultravnc_src_907\UltraVNC Project Root\UltraVNC\rdr\rdrv12.vcxproj" on node 2 (Rebuild target(s)).
     1>ClCompile:
         C:\Program Files (x86)\Microsoft Visual Studio 12.0\VC\bin\CL.exe /c /I.. /I../zlib /ZI /nologo /W3 /WX- /Od /Oy- /D WIN32 /D _DEBUG /D _LIB /D _CRT_SECURE_NO_WARNINGS /D _MBCS /Gm /EHsc /RTC1 /MTd /GS /fp:precise /Zc:wchar_t /Zc:forScope /Fo"Debug\\" /Fd"Debug\vc120.pdb" /Gd /TP /analyze- /errorReport:prompt FdInStream.cxx FdOutStream.cxx InStream.cxx NullOutStream.cxx ZlibInStream.cxx ZlibOutStream.cxx
         ZlibOutStream.cxx
         ZlibInStream.cxx
         NullOutStream.cxx
         InStream.cxx
         FdOutStream.cxx
         FdInStream.cxx
         Generating Code...
       Lib:
         C:\Program Files (x86)\Microsoft Visual Studio 12.0\VC\bin\Lib.exe /OUT:"D:\Dropbox\Dropbox\Fontes vncsihl\ultravnc_src_907\UltraVNC Project Root\UltraVNC\vncviewer\Debug\rdr.lib" /NOLOGO Debug\FdInStream.obj
         Debug\FdOutStream.obj
         Debug\InStream.obj
         Debug\NullOutStream.obj
         Debug\ZlibInStream.obj
         Debug\ZlibOutStream.obj
         rdrv12.vcxproj -> D:\Dropbox\Dropbox\Fontes vncsihl\ultravnc_src_907\UltraVNC Project Root\UltraVNC\vncviewer\Debug\rdr.lib
     1>Done Building Project "D:\Dropbox\Dropbox\Fontes vncsihl\ultravnc_src_907\UltraVNC Project Root\UltraVNC\rdr\rdrv12.vcxproj" (Rebuild target(s)).

Build succeeded.

Time Elapsed 00:00:02.63
