Build started 10/07/2015 16:24:24.
     1>Project "D:\Dropbox\Dropbox\Fontes vncsihl\ultravnc_src_907\UltraVNC Project Root\UltraVNC\winvnc\winvnc\winvncv12.vcxproj" on node 2 (Rebuild target(s)).
     1>ClCompile:
         C:\Program Files (x86)\Microsoft Visual Studio 12.0\VC\bin\CL.exe /c /I..\omnithread /I.. /I..\.. /ZI /nologo /W3 /WX- /Od /Oy- /D _DEBUG /D __x86__ /D __WIN32__ /D WIN32 /D _WINDOWS /D _WIN32_WINNT=0x501 /D XMD_H /D _WINSTATIC /D _CRT_SECURE_NO_WARNINGS /D _VC80 /D _WIN32_IE=0x0600 /D _MBCS /Gm /EHsc /RTC1 /MTd /GS /fp:precise /Zc:wchar_t /Zc:forScope /Fo"Debug\\" /Fd"Debug\vc120.pdb" /FR".\..\Debug/" /Gd /TP /analyze- /errorReport:prompt ..\..\common\Clipboard.cpp benchmark.cpp black_layered.cpp blankmonitor.cpp buildtime.cpp CpuUsage.cpp ..\..\rfb\dh.cpp ..\..\DSMPlugin\DSMPlugin.cpp Dtwinver.cpp getinfo.cpp helpers.cpp HideDesktop.cpp httpconnect.cpp inifile.cpp initipp.cpp IPC.cpp read_write_ini.cpp rfbRegion_win32.cpp rfbRegion_X11.cxx rfbUpdateTracker.cpp security.cpp service.cpp service_motor.cpp stdhdrs.cpp TextChat.cpp translate.cpp uvncUiAccess.cpp videodriver.cpp videodrivercheck.cpp vistahook.cpp vncabout.cpp vncacceptdialog.cpp vncbuffer.cpp vncclient.cpp vncconndialog.cpp vncdesktop.cpp vncdesktopsink.cpp vncDesktopSW.cpp vncdesktopthread.cpp vncencodecorre.cpp vncencodehext.cpp vncencoder.cpp vncencoderCursor.cpp vncencoderre.cpp vncEncodeTight.cpp vncEncodeUltra.cpp vncEncodeUltra2.cpp vncEncodeZlib.cpp vncEncodeZlibHex.cpp vncencodezrle.cpp vnchttpconnect.cpp vncinsthandler.cpp vnckeymap.cpp vncListDlg.cpp vnclog.cpp vncmenu.cpp vncMultiMonitor.cpp vncntlm.cpp vncOSVersion.cpp vncproperties.cpp vncpropertiesPoll.cpp vncserver.cpp vncservice.cpp vncsetauth.cpp vncsockconnect.cpp vnctimedmsgbox.cpp vsocket.cpp ..\..\common\win32_helpers.cpp winvnc.cpp ..\..\ZipUnZip32\ZipUnzip32.cpp
         ZipUnzip32.cpp
         winvnc.cpp
         win32_helpers.cpp
         vsocket.cpp
     1>d:\dropbox\dropbox\fontes vncsihl\ultravnc_src_907\ultravnc project root\ultravnc\winvnc\winvnc\vsocket.cpp(298): warning C4996: 'inet_addr': Use inet_pton() or InetPton() instead or define _WINSOCK_DEPRECATED_NO_WARNINGS to disable deprecated API warnings
                 c:\program files (x86)\windows kits\8.1\include\um\winsock2.h(1850) : see declaration of 'inet_addr'
     1>d:\dropbox\dropbox\fontes vncsihl\ultravnc_src_907\ultravnc project root\ultravnc\winvnc\winvnc\vsocket.cpp(305): warning C4996: 'gethostbyname': Use getaddrinfo() or GetAddrInfoW() instead or define _WINSOCK_DEPRECATED_NO_WARNINGS to disable deprecated API warnings
                 c:\program files (x86)\windows kits\8.1\include\um\winsock2.h(2238) : see declaration of 'gethostbyname'
     1>d:\dropbox\dropbox\fontes vncsihl\ultravnc_src_907\ultravnc project root\ultravnc\winvnc\winvnc\vsocket.cpp(400): warning C4996: 'inet_ntoa': Use inet_ntop() or InetNtop() instead or define _WINSOCK_DEPRECATED_NO_WARNINGS to disable deprecated API warnings
                 c:\program files (x86)\windows kits\8.1\include\um\winsock2.h(1868) : see declaration of 'inet_ntoa'
     1>d:\dropbox\dropbox\fontes vncsihl\ultravnc_src_907\ultravnc project root\ultravnc\winvnc\winvnc\vsocket.cpp(421): warning C4996: 'inet_ntoa': Use inet_ntop() or InetNtop() instead or define _WINSOCK_DEPRECATED_NO_WARNINGS to disable deprecated API warnings
                 c:\program files (x86)\windows kits\8.1\include\um\winsock2.h(1868) : see declaration of 'inet_ntoa'
     1>d:\dropbox\dropbox\fontes vncsihl\ultravnc_src_907\ultravnc project root\ultravnc\winvnc\winvnc\vsocket.cpp(442): warning C4996: 'inet_ntoa': Use inet_ntop() or InetNtop() instead or define _WINSOCK_DEPRECATED_NO_WARNINGS to disable deprecated API warnings
                 c:\program files (x86)\windows kits\8.1\include\um\winsock2.h(1868) : see declaration of 'inet_ntoa'
     1>d:\dropbox\dropbox\fontes vncsihl\ultravnc_src_907\ultravnc project root\ultravnc\winvnc\winvnc\vsocket.cpp(454): warning C4996: 'inet_addr': Use inet_pton() or InetPton() instead or define _WINSOCK_DEPRECATED_NO_WARNINGS to disable deprecated API warnings
                 c:\program files (x86)\windows kits\8.1\include\um\winsock2.h(1850) : see declaration of 'inet_addr'
     1>d:\dropbox\dropbox\fontes vncsihl\ultravnc_src_907\ultravnc project root\ultravnc\winvnc\winvnc\vsocket.cpp(461): warning C4996: 'gethostbyname': Use getaddrinfo() or GetAddrInfoW() instead or define _WINSOCK_DEPRECATED_NO_WARNINGS to disable deprecated API warnings
                 c:\program files (x86)\windows kits\8.1\include\um\winsock2.h(2238) : see declaration of 'gethostbyname'
         vnctimedmsgbox.cpp
         vncsockconnect.cpp
         vncsetauth.cpp
         vncservice.cpp
     1>d:\dropbox\dropbox\fontes vncsihl\ultravnc_src_907\ultravnc project root\ultravnc\winvnc\winvnc\vncservice.cpp(229): warning C4996: 'GetVersionExA': was declared deprecated
                 c:\program files (x86)\windows kits\8.1\include\um\sysinfoapi.h(433) : see declaration of 'GetVersionExA'
         vncserver.cpp
         vncpropertiesPoll.cpp
         vncproperties.cpp
         vncOSVersion.cpp
     1>d:\dropbox\dropbox\fontes vncsihl\ultravnc_src_907\ultravnc project root\ultravnc\winvnc\winvnc\vncosversion.cpp(45): warning C4996: 'GetVersionExA': was declared deprecated
                 c:\program files (x86)\windows kits\8.1\include\um\sysinfoapi.h(433) : see declaration of 'GetVersionExA'
     1>d:\dropbox\dropbox\fontes vncsihl\ultravnc_src_907\ultravnc project root\ultravnc\winvnc\winvnc\vncosversion.cpp(83): warning C4800: 'BOOL' : forcing value to bool 'true' or 'false' (performance warning)
     1>d:\dropbox\dropbox\fontes vncsihl\ultravnc_src_907\ultravnc project root\ultravnc\winvnc\winvnc\vncosversion.cpp(124): warning C4800: 'BOOL' : forcing value to bool 'true' or 'false' (performance warning)
     1>d:\dropbox\dropbox\fontes vncsihl\ultravnc_src_907\ultravnc project root\ultravnc\winvnc\winvnc\vncosversion.cpp(129): warning C4800: 'BOOL' : forcing value to bool 'true' or 'false' (performance warning)
     1>d:\dropbox\dropbox\fontes vncsihl\ultravnc_src_907\ultravnc project root\ultravnc\winvnc\winvnc\vncosversion.cpp(140): warning C4800: 'BOOL' : forcing value to bool 'true' or 'false' (performance warning)
         vncntlm.cpp
     1>d:\dropbox\dropbox\fontes vncsihl\ultravnc_src_907\ultravnc project root\ultravnc\winvnc\winvnc\vncntlm.cpp(528): warning C4996: 'GetVersionExA': was declared deprecated
                 c:\program files (x86)\windows kits\8.1\include\um\sysinfoapi.h(433) : see declaration of 'GetVersionExA'
         vncMultiMonitor.cpp
         vncmenu.cpp
     1>d:\dropbox\dropbox\fontes vncsihl\ultravnc_src_907\ultravnc project root\ultravnc\winvnc\winvnc\vncmenu.cpp(360): warning C4996: 'GetVersionExA': was declared deprecated
                 c:\program files (x86)\windows kits\8.1\include\um\sysinfoapi.h(433) : see declaration of 'GetVersionExA'
     1>d:\dropbox\dropbox\fontes vncsihl\ultravnc_src_907\ultravnc project root\ultravnc\winvnc\winvnc\vncmenu.cpp(613): warning C4996: 'gethostbyname': Use getaddrinfo() or GetAddrInfoW() instead or define _WINSOCK_DEPRECATED_NO_WARNINGS to disable deprecated API warnings
                 c:\program files (x86)\windows kits\8.1\include\um\winsock2.h(2238) : see declaration of 'gethostbyname'
     1>d:\dropbox\dropbox\fontes vncsihl\ultravnc_src_907\ultravnc project root\ultravnc\winvnc\winvnc\vncmenu.cpp(787): warning C4996: 'GetVersionExA': was declared deprecated
                 c:\program files (x86)\windows kits\8.1\include\um\sysinfoapi.h(433) : see declaration of 'GetVersionExA'
     1>d:\dropbox\dropbox\fontes vncsihl\ultravnc_src_907\ultravnc project root\ultravnc\winvnc\winvnc\vncmenu.cpp(1819): warning C4996: 'inet_ntoa': Use inet_ntop() or InetNtop() instead or define _WINSOCK_DEPRECATED_NO_WARNINGS to disable deprecated API warnings
                 c:\program files (x86)\windows kits\8.1\include\um\winsock2.h(1868) : see declaration of 'inet_ntoa'
     1>d:\dropbox\dropbox\fontes vncsihl\ultravnc_src_907\ultravnc project root\ultravnc\winvnc\winvnc\vncmenu.cpp(1834): warning C4996: 'inet_ntoa': Use inet_ntop() or InetNtop() instead or define _WINSOCK_DEPRECATED_NO_WARNINGS to disable deprecated API warnings
                 c:\program files (x86)\windows kits\8.1\include\um\winsock2.h(1868) : see declaration of 'inet_ntoa'
         vnclog.cpp
         vncListDlg.cpp
         vnckeymap.cpp
         vncinsthandler.cpp
         vnchttpconnect.cpp
         Generating Code...
         Compiling...
         vncencodezrle.cpp
         vncEncodeZlibHex.cpp
         vncEncodeZlib.cpp
         vncEncodeUltra2.cpp
         vncEncodeUltra.cpp
         vncEncodeTight.cpp
         vncencoderre.cpp
         vncencoderCursor.cpp
         vncencoder.cpp
         vncencodehext.cpp
         vncencodecorre.cpp
         vncdesktopthread.cpp
         vncDesktopSW.cpp
         vncdesktopsink.cpp
         vncdesktop.cpp
     1>d:\dropbox\dropbox\fontes vncsihl\ultravnc_src_907\ultravnc project root\ultravnc\winvnc\winvnc\vncdesktop.cpp(930): warning C4996: 'GetVersionExA': was declared deprecated
                 c:\program files (x86)\windows kits\8.1\include\um\sysinfoapi.h(433) : see declaration of 'GetVersionExA'
     1>d:\dropbox\dropbox\fontes vncsihl\ultravnc_src_907\ultravnc project root\ultravnc\winvnc\winvnc\vncdesktop.cpp(2501): warning C4805: '!=' : unsafe mix of type 'int' and type 'bool' in operation
     1>d:\dropbox\dropbox\fontes vncsihl\ultravnc_src_907\ultravnc project root\ultravnc\winvnc\winvnc\vncdesktop.cpp(2511): warning C4805: '!=' : unsafe mix of type 'int' and type 'bool' in operation
         vncconndialog.cpp
         vncclient.cpp
     1>d:\dropbox\dropbox\fontes vncsihl\ultravnc_src_907\ultravnc project root\ultravnc\winvnc\winvnc\vncclient.cpp(862): warning C4800: 'BOOL' : forcing value to bool 'true' or 'false' (performance warning)
     1>d:\dropbox\dropbox\fontes vncsihl\ultravnc_src_907\ultravnc project root\ultravnc\winvnc\winvnc\vncclient.cpp(2011): warning C4996: 'gethostbyname': Use getaddrinfo() or GetAddrInfoW() instead or define _WINSOCK_DEPRECATED_NO_WARNINGS to disable deprecated API warnings
                 c:\program files (x86)\windows kits\8.1\include\um\winsock2.h(2238) : see declaration of 'gethostbyname'
     1>d:\dropbox\dropbox\fontes vncsihl\ultravnc_src_907\ultravnc project root\ultravnc\winvnc\winvnc\vncclient.cpp(4452): warning C4018: '<' : signed/unsigned mismatch
     1>d:\dropbox\dropbox\fontes vncsihl\ultravnc_src_907\ultravnc project root\ultravnc\winvnc\winvnc\vncclient.cpp(4453): warning C4018: '<' : signed/unsigned mismatch
     1>d:\dropbox\dropbox\fontes vncsihl\ultravnc_src_907\ultravnc project root\ultravnc\winvnc\winvnc\vncclient.cpp(4454): warning C4018: '>' : signed/unsigned mismatch
     1>d:\dropbox\dropbox\fontes vncsihl\ultravnc_src_907\ultravnc project root\ultravnc\winvnc\winvnc\vncclient.cpp(4455): warning C4018: '>' : signed/unsigned mismatch
     1>c:\program files (x86)\microsoft visual studio 12.0\vc\include\xutility(2132): warning C4996: 'std::_Copy_impl': Function call with parameters that may be unsafe - this call relies on the caller to check that the passed values are correct. To disable this warning, use -D_SCL_SECURE_NO_WARNINGS. See documentation on how to use Visual C++ 'Checked Iterators'
                 c:\program files (x86)\microsoft visual studio 12.0\vc\include\xutility(2113) : see declaration of 'std::_Copy_impl'
                 d:\dropbox\dropbox\fontes vncsihl\ultravnc_src_907\ultravnc project root\ultravnc\winvnc\winvnc\vncclient.cpp(222) : see reference to function template instantiation '_OutIt std::copy<std::_String_iterator<std::_String_val<std::_Simple_types<char>>>,char*>(_InIt,_InIt,_OutIt)' being compiled
                 with
                 [
                     _OutIt=char *
         ,            _InIt=std::_String_iterator<std::_String_val<std::_Simple_types<char>>>
                 ]
         vncbuffer.cpp
         vncacceptdialog.cpp
         vncabout.cpp
         Generating Code...
         Compiling...
         vistahook.cpp
     1>d:\dropbox\dropbox\fontes vncsihl\ultravnc_src_907\ultravnc project root\ultravnc\winvnc\winvnc\vistahook.cpp(228): warning C4996: 'GetVersionExA': was declared deprecated
                 c:\program files (x86)\windows kits\8.1\include\um\sysinfoapi.h(433) : see declaration of 'GetVersionExA'
         videodrivercheck.cpp
         videodriver.cpp
     1>d:\dropbox\dropbox\fontes vncsihl\ultravnc_src_907\ultravnc project root\ultravnc\winvnc\winvnc\videodriver.cpp(869): warning C4996: 'GetVersionExA': was declared deprecated
                 c:\program files (x86)\windows kits\8.1\include\um\sysinfoapi.h(433) : see declaration of 'GetVersionExA'
     1>d:\dropbox\dropbox\fontes vncsihl\ultravnc_src_907\ultravnc project root\ultravnc\winvnc\winvnc\videodriver.cpp(872): warning C4996: 'GetVersionExA': was declared deprecated
                 c:\program files (x86)\windows kits\8.1\include\um\sysinfoapi.h(433) : see declaration of 'GetVersionExA'
         uvncUiAccess.cpp
         translate.cpp
         TextChat.cpp
         stdhdrs.cpp
         service_motor.cpp
     1>d:\dropbox\dropbox\fontes vncsihl\ultravnc_src_907\ultravnc project root\ultravnc\winvnc\winvnc\service_motor.cpp(52): warning C4996: 'GetVersionExA': was declared deprecated
                 c:\program files (x86)\windows kits\8.1\include\um\sysinfoapi.h(433) : see declaration of 'GetVersionExA'
     1>d:\dropbox\dropbox\fontes vncsihl\ultravnc_src_907\ultravnc project root\ultravnc\winvnc\winvnc\service_motor.cpp(349): warning C4552: '>' : operator has no effect; expected operator with side-effect
     1>d:\dropbox\dropbox\fontes vncsihl\ultravnc_src_907\ultravnc project root\ultravnc\winvnc\winvnc\service_motor.cpp(379): warning C4996: 'GetVersionExA': was declared deprecated
                 c:\program files (x86)\windows kits\8.1\include\um\sysinfoapi.h(433) : see declaration of 'GetVersionExA'
     1>d:\dropbox\dropbox\fontes vncsihl\ultravnc_src_907\ultravnc project root\ultravnc\winvnc\winvnc\service_motor.cpp(537): warning C4996: 'GetVersionExA': was declared deprecated
                 c:\program files (x86)\windows kits\8.1\include\um\sysinfoapi.h(433) : see declaration of 'GetVersionExA'
     1>d:\dropbox\dropbox\fontes vncsihl\ultravnc_src_907\ultravnc project root\ultravnc\winvnc\winvnc\service_motor.cpp(620): warning C4996: 'GetVersionExA': was declared deprecated
                 c:\program files (x86)\windows kits\8.1\include\um\sysinfoapi.h(433) : see declaration of 'GetVersionExA'
     1>d:\dropbox\dropbox\fontes vncsihl\ultravnc_src_907\ultravnc project root\ultravnc\winvnc\winvnc\service_motor.cpp(759): warning C4996: 'GetVersionExA': was declared deprecated
                 c:\program files (x86)\windows kits\8.1\include\um\sysinfoapi.h(433) : see declaration of 'GetVersionExA'
     1>d:\dropbox\dropbox\fontes vncsihl\ultravnc_src_907\ultravnc project root\ultravnc\winvnc\winvnc\service_motor.cpp(780): warning C4996: 'GetVersionExA': was declared deprecated
                 c:\program files (x86)\windows kits\8.1\include\um\sysinfoapi.h(433) : see declaration of 'GetVersionExA'
     1>d:\dropbox\dropbox\fontes vncsihl\ultravnc_src_907\ultravnc project root\ultravnc\winvnc\winvnc\service_motor.cpp(879): warning C4996: 'GetVersionExA': was declared deprecated
                 c:\program files (x86)\windows kits\8.1\include\um\sysinfoapi.h(433) : see declaration of 'GetVersionExA'
     1>d:\dropbox\dropbox\fontes vncsihl\ultravnc_src_907\ultravnc project root\ultravnc\winvnc\winvnc\service_motor.cpp(901): warning C4996: 'GetVersionExA': was declared deprecated
                 c:\program files (x86)\windows kits\8.1\include\um\sysinfoapi.h(433) : see declaration of 'GetVersionExA'
         service.cpp
     1>d:\dropbox\dropbox\fontes vncsihl\ultravnc_src_907\ultravnc project root\ultravnc\winvnc\winvnc\service.cpp(311): warning C4996: 'GetVersionExA': was declared deprecated
                 c:\program files (x86)\windows kits\8.1\include\um\sysinfoapi.h(433) : see declaration of 'GetVersionExA'
         security.cpp
         rfbUpdateTracker.cpp
         rfbRegion_X11.cxx
         rfbRegion_win32.cpp
     1>d:\dropbox\dropbox\fontes vncsihl\ultravnc_src_907\ultravnc project root\ultravnc\winvnc\winvnc\rfbregion_win32.cpp(105): warning C4800: 'BOOL' : forcing value to bool 'true' or 'false' (performance warning)
         read_write_ini.cpp
         IPC.cpp
         initipp.cpp
         inifile.cpp
         httpconnect.cpp
     1>d:\dropbox\dropbox\fontes vncsihl\ultravnc_src_907\ultravnc project root\ultravnc\winvnc\winvnc\httpconnect.cpp(201): warning C4996: 'inet_addr': Use inet_pton() or InetPton() instead or define _WINSOCK_DEPRECATED_NO_WARNINGS to disable deprecated API warnings
                 c:\program files (x86)\windows kits\8.1\include\um\winsock2.h(1850) : see declaration of 'inet_addr'
     1>d:\dropbox\dropbox\fontes vncsihl\ultravnc_src_907\ultravnc project root\ultravnc\winvnc\winvnc\httpconnect.cpp(282): warning C4996: 'inet_ntoa': Use inet_ntop() or InetNtop() instead or define _WINSOCK_DEPRECATED_NO_WARNINGS to disable deprecated API warnings
                 c:\program files (x86)\windows kits\8.1\include\um\winsock2.h(1868) : see declaration of 'inet_ntoa'
     1>d:\dropbox\dropbox\fontes vncsihl\ultravnc_src_907\ultravnc project root\ultravnc\winvnc\winvnc\httpconnect.cpp(497): warning C4996: 'inet_ntoa': Use inet_ntop() or InetNtop() instead or define _WINSOCK_DEPRECATED_NO_WARNINGS to disable deprecated API warnings
                 c:\program files (x86)\windows kits\8.1\include\um\winsock2.h(1868) : see declaration of 'inet_ntoa'
     1>d:\dropbox\dropbox\fontes vncsihl\ultravnc_src_907\ultravnc project root\ultravnc\winvnc\winvnc\httpconnect.cpp(498): warning C4996: 'inet_ntoa': Use inet_ntop() or InetNtop() instead or define _WINSOCK_DEPRECATED_NO_WARNINGS to disable deprecated API warnings
                 c:\program files (x86)\windows kits\8.1\include\um\winsock2.h(1868) : see declaration of 'inet_ntoa'
     1>d:\dropbox\dropbox\fontes vncsihl\ultravnc_src_907\ultravnc project root\ultravnc\winvnc\winvnc\httpconnect.cpp(619): warning C4996: 'inet_addr': Use inet_pton() or InetPton() instead or define _WINSOCK_DEPRECATED_NO_WARNINGS to disable deprecated API warnings
                 c:\program files (x86)\windows kits\8.1\include\um\winsock2.h(1850) : see declaration of 'inet_addr'
     1>d:\dropbox\dropbox\fontes vncsihl\ultravnc_src_907\ultravnc project root\ultravnc\winvnc\winvnc\httpconnect.cpp(621): warning C4996: 'gethostbyname': Use getaddrinfo() or GetAddrInfoW() instead or define _WINSOCK_DEPRECATED_NO_WARNINGS to disable deprecated API warnings
                 c:\program files (x86)\windows kits\8.1\include\um\winsock2.h(2238) : see declaration of 'gethostbyname'
         HideDesktop.cpp
         helpers.cpp
         Generating Code...
         Compiling...
         getinfo.cpp
         Dtwinver.cpp
     1>d:\dropbox\dropbox\fontes vncsihl\ultravnc_src_907\ultravnc project root\ultravnc\winvnc\winvnc\dtwinver.cpp(846): warning C4996: 'GetVersion': was declared deprecated
                 c:\program files (x86)\windows kits\8.1\include\um\sysinfoapi.h(110) : see declaration of 'GetVersion'
         DSMPlugin.cpp
         dh.cpp
         CpuUsage.cpp
         buildtime.cpp
         blankmonitor.cpp
         black_layered.cpp
         benchmark.cpp
         Clipboard.cpp
         Generating Code...
         C:\Program Files (x86)\Microsoft Visual Studio 12.0\VC\bin\CL.exe /c /I..\omnithread /I.. /I..\.. /ZI /nologo /W3 /WX- /Od /Oy- /D _DEBUG /D __x86__ /D __WIN32__ /D WIN32 /D _WINDOWS /D _WIN32_WINNT=0x501 /D XMD_H /D _WINSTATIC /D _CRT_SECURE_NO_WARNINGS /D _VC80 /D _WIN32_IE=0x0600 /D _MBCS /Gm /EHsc /RTC1 /MTd /GS /fp:precise /Zc:wchar_t /Zc:forScope /Fo"Debug\\" /Fd"Debug\vc120.pdb" /FR".\..\Debug/" /Gd /TC /analyze- /errorReport:prompt d3des.c ..\..\lzo\minilzo.c vncauth.c
         vncauth.c
         minilzo.c
         d3des.c
         Generating Code...
       ResourceCompile:
         C:\Program Files (x86)\Windows Kits\8.1\bin\x86\rc.exe /D _DEBUG /l"0x0809" /nologo /fo"Debug\winvnc.res" winvnc.rc 
       PreLinkEvent:
         cl /nologo /MTd /Fo..\Debug\ /Fd..\Debug\ /c buildtime.cpp
         :VCEnd
         buildtime.cpp
       Link:
         C:\Program Files (x86)\Microsoft Visual Studio 12.0\VC\bin\link.exe /ERRORREPORT:PROMPT /OUT:"D:\Dropbox\Dropbox\Fontes vncsihl\ultravnc_src_907\UltraVNC Project Root\UltraVNC\winvnc\Debug\winvnc.exe" /INCREMENTAL /NOLOGO ws2_32.lib winmm.lib version.lib wtsapi32.lib userenv.lib kernel32.lib user32.lib gdi32.lib winspool.lib comdlg32.lib advapi32.lib shell32.lib ole32.lib oleaut32.lib uuid.lib odbc32.lib odbccp32.lib /MANIFEST /MANIFESTUAC:"level='asInvoker' uiAccess='false'" /manifest:embed /DEBUG /PDB:".\..\Debug/winvnc.pdb" /SUBSYSTEM:WINDOWS /TLBID:1 /DYNAMICBASE:NO /FIXED:NO /IMPLIB:"D:\Dropbox\Dropbox\Fontes vncsihl\ultravnc_src_907\UltraVNC Project Root\UltraVNC\winvnc\Debug\winvnc.lib" /MACHINE:X86 /PROFILE /SAFESEH Debug\winvnc.res
         Debug\Clipboard.obj
         Debug\benchmark.obj
         Debug\black_layered.obj
         Debug\blankmonitor.obj
         Debug\buildtime.obj
         Debug\CpuUsage.obj
         Debug\d3des.obj
         Debug\dh.obj
         Debug\DSMPlugin.obj
         Debug\Dtwinver.obj
         Debug\getinfo.obj
         Debug\helpers.obj
         Debug\HideDesktop.obj
         Debug\httpconnect.obj
         Debug\inifile.obj
         Debug\initipp.obj
         Debug\IPC.obj
         Debug\minilzo.obj
         Debug\read_write_ini.obj
         Debug\rfbRegion_win32.obj
         Debug\rfbRegion_X11.obj
         Debug\rfbUpdateTracker.obj
         Debug\security.obj
         Debug\service.obj
         Debug\service_motor.obj
         Debug\stdhdrs.obj
         Debug\TextChat.obj
         Debug\translate.obj
         Debug\uvncUiAccess.obj
         Debug\videodriver.obj
         Debug\videodrivercheck.obj
         Debug\vistahook.obj
         Debug\vncabout.obj
         Debug\vncacceptdialog.obj
         Debug\vncauth.obj
         Debug\vncbuffer.obj
         Debug\vncclient.obj
         Debug\vncconndialog.obj
         Debug\vncdesktop.obj
         Debug\vncdesktopsink.obj
         Debug\vncDesktopSW.obj
         Debug\vncdesktopthread.obj
         Debug\vncencodecorre.obj
         Debug\vncencodehext.obj
         Debug\vncencoder.obj
         Debug\vncencoderCursor.obj
         Debug\vncencoderre.obj
         Debug\vncEncodeTight.obj
         Debug\vncEncodeUltra.obj
         Debug\vncEncodeUltra2.obj
         Debug\vncEncodeZlib.obj
         Debug\vncEncodeZlibHex.obj
         Debug\vncencodezrle.obj
         Debug\vnchttpconnect.obj
         Debug\vncinsthandler.obj
         Debug\vnckeymap.obj
         Debug\vncListDlg.obj
         Debug\vnclog.obj
         Debug\vncmenu.obj
         Debug\vncMultiMonitor.obj
         Debug\vncntlm.obj
         Debug\vncOSVersion.obj
         Debug\vncproperties.obj
         Debug\vncpropertiesPoll.obj
         Debug\vncserver.obj
         Debug\vncservice.obj
         Debug\vncsetauth.obj
         Debug\vncsockconnect.obj
         Debug\vnctimedmsgbox.obj
         Debug\vsocket.obj
         Debug\win32_helpers.obj
         Debug\winvnc.obj
         Debug\ZipUnzip32.obj
         "D:\Dropbox\Dropbox\Fontes vncsihl\ultravnc_src_907\UltraVNC Project Root\UltraVNC\winvnc\DebugDll\libjpeg-turbo-win.lib"
         "D:\Dropbox\Dropbox\Fontes vncsihl\ultravnc_src_907\UltraVNC Project Root\UltraVNC\winvnc\Debug\rdr.lib"
         "D:\Dropbox\Dropbox\Fontes vncsihl\ultravnc_src_907\UltraVNC Project Root\UltraVNC\winvnc\Debug\unz32lib.lib"
         "D:\Dropbox\Dropbox\Fontes vncsihl\ultravnc_src_907\UltraVNC Project Root\UltraVNC\winvnc\Debug\zip32.lib"
         "D:\Dropbox\Dropbox\Fontes vncsihl\ultravnc_src_907\UltraVNC Project Root\UltraVNC\zlib-1.2.5\contrib\vstudio\vc10\x86\ZlibStatDebug\zlibstat.lib"
         "D:\Dropbox\Dropbox\Fontes vncsihl\ultravnc_src_907\UltraVNC Project Root\UltraVNC\winvnc\Debug\omnithread.lib"
     1>LINK : warning LNK4075: ignoring '/INCREMENTAL' due to '/PROFILE' specification
     1>Clipboard.obj : warning LNK4075: ignoring '/EDITANDCONTINUE' due to '/OPT:LBR' specification
     1>rdr.lib(ZlibInStream.obj) : warning LNK4099: PDB 'vc120.pdb' was not found with 'rdr.lib(ZlibInStream.obj)' or at 'D:\Dropbox\Dropbox\Fontes vncsihl\ultravnc_src_907\UltraVNC Project Root\UltraVNC\winvnc\Debug\vc120.pdb'; linking object as if no debug info
     1>rdr.lib(ZlibOutStream.obj) : warning LNK4099: PDB 'vc120.pdb' was not found with 'rdr.lib(ZlibOutStream.obj)' or at 'D:\Dropbox\Dropbox\Fontes vncsihl\ultravnc_src_907\UltraVNC Project Root\UltraVNC\winvnc\Debug\vc120.pdb'; linking object as if no debug info
         winvncv12.vcxproj -> D:\Dropbox\Dropbox\Fontes vncsihl\ultravnc_src_907\UltraVNC Project Root\UltraVNC\winvnc\Debug\winvnc.exe
       BscMake:
         C:\Program Files (x86)\Microsoft Visual Studio 12.0\VC\bin\bscmake.exe /nologo /o".\..\Debug/winvnc.bsc" .\..\Debug/Clipboard.sbr .\..\Debug/benchmark.sbr .\..\Debug/black_layered.sbr .\..\Debug/blankmonitor.sbr .\..\Debug/buildtime.sbr .\..\Debug/CpuUsage.sbr .\..\Debug/d3des.sbr .\..\Debug/dh.sbr .\..\Debug/DSMPlugin.sbr .\..\Debug/Dtwinver.sbr .\..\Debug/getinfo.sbr .\..\Debug/helpers.sbr .\..\Debug/HideDesktop.sbr .\..\Debug/httpconnect.sbr .\..\Debug/inifile.sbr .\..\Debug/initipp.sbr .\..\Debug/IPC.sbr .\..\Debug/minilzo.sbr .\..\Debug/read_write_ini.sbr .\..\Debug/rfbRegion_win32.sbr .\..\Debug/rfbRegion_X11.sbr .\..\Debug/rfbUpdateTracker.sbr .\..\Debug/security.sbr .\..\Debug/service.sbr .\..\Debug/service_motor.sbr .\..\Debug/stdhdrs.sbr .\..\Debug/TextChat.sbr .\..\Debug/translate.sbr .\..\Debug/uvncUiAccess.sbr .\..\Debug/videodriver.sbr .\..\Debug/videodrivercheck.sbr .\..\Debug/vistahook.sbr .\..\Debug/vncabout.sbr .\..\Debug/vncacceptdialog.sbr .\..\Debug/vncauth.sbr .\..\Debug/vncbuffer.sbr .\..\Debug/vncclient.sbr .\..\Debug/vncconndialog.sbr .\..\Debug/vncdesktop.sbr .\..\Debug/vncdesktopsink.sbr .\..\Debug/vncDesktopSW.sbr .\..\Debug/vncdesktopthread.sbr .\..\Debug/vncencodecorre.sbr .\..\Debug/vncencodehext.sbr .\..\Debug/vncencoder.sbr .\..\Debug/vncencoderCursor.sbr .\..\Debug/vncencoderre.sbr .\..\Debug/vncEncodeTight.sbr .\..\Debug/vncEncodeUltra.sbr .\..\Debug/vncEncodeUltra2.sbr .\..\Debug/vncEncodeZlib.sbr .\..\Debug/vncEncodeZlibHex.sbr .\..\Debug/vncencodezrle.sbr .\..\Debug/vnchttpconnect.sbr .\..\Debug/vncinsthandler.sbr .\..\Debug/vnckeymap.sbr .\..\Debug/vncListDlg.sbr .\..\Debug/vnclog.sbr .\..\Debug/vncmenu.sbr .\..\Debug/vncMultiMonitor.sbr .\..\Debug/vncntlm.sbr .\..\Debug/vncOSVersion.sbr .\..\Debug/vncproperties.sbr .\..\Debug/vncpropertiesPoll.sbr .\..\Debug/vncserver.sbr .\..\Debug/vncservice.sbr .\..\Debug/vncsetauth.sbr .\..\Debug/vncsockconnect.sbr .\..\Debug/vnctimedmsgbox.sbr .\..\Debug/vsocket.sbr .\..\Debug/win32_helpers.sbr .\..\Debug/winvnc.sbr .\..\Debug/ZipUnzip32.sbr
     1>Done Building Project "D:\Dropbox\Dropbox\Fontes vncsihl\ultravnc_src_907\UltraVNC Project Root\UltraVNC\winvnc\winvnc\winvncv12.vcxproj" (Rebuild target(s)).

Build succeeded.

Time Elapsed 00:00:57.13
