d:\dropbox\dropbox\fontes vncsihl\lrepeater1200_src\repeater\x64\debug\vc120.pdb
d:\dropbox\dropbox\fontes vncsihl\lrepeater1200_src\repeater\x64\debug\socket_functions.obj
d:\dropbox\dropbox\fontes vncsihl\lrepeater1200_src\repeater\x64\debug\mode2_listener_server.obj
d:\dropbox\dropbox\fontes vncsihl\lrepeater1200_src\repeater\x64\debug\mode12_listener.obj
d:\dropbox\dropbox\fontes vncsihl\lrepeater1200_src\repeater\x64\debug\lists_functions.obj
d:\dropbox\dropbox\fontes vncsihl\lrepeater1200_src\repeater\x64\debug\conexaopost.obj
d:\dropbox\dropbox\fontes vncsihl\lrepeater1200_src\repeater\x64\debug\gui1.obj
d:\dropbox\dropbox\fontes vncsihl\lrepeater1200_src\repeater\x64\debug\repeater1.obj
d:\dropbox\dropbox\fontes vncsihl\lrepeater1200_src\repeater\x64\debug\wsfdata.obj
d:\dropbox\dropbox\fontes vncsihl\lrepeater1200_src\repeater\x64\debug\webutils.obj
d:\dropbox\dropbox\fontes vncsihl\lrepeater1200_src\repeater\x64\debug\webtest.obj
d:\dropbox\dropbox\fontes vncsihl\lrepeater1200_src\repeater\x64\debug\websys.obj
d:\dropbox\dropbox\fontes vncsihl\lrepeater1200_src\repeater\x64\debug\webobjs.obj
d:\dropbox\dropbox\fontes vncsihl\lrepeater1200_src\repeater\x64\debug\webio.obj
d:\dropbox\dropbox\fontes vncsihl\lrepeater1200_src\repeater\x64\debug\webfs.obj
d:\dropbox\dropbox\fontes vncsihl\lrepeater1200_src\repeater\x64\debug\webclib.obj
d:\dropbox\dropbox\fontes vncsihl\lrepeater1200_src\repeater\x64\debug\settings.obj
d:\dropbox\dropbox\fontes vncsihl\lrepeater1200_src\repeater\x64\debug\distributervs2012.ilk
d:\dropbox\dropbox\fontes vncsihl\lrepeater1200_src\repeater\x64\debug\distributervs2012.exe
d:\dropbox\dropbox\fontes vncsihl\lrepeater1200_src\repeater\x64\debug\distributervs2012.pdb
d:\dropbox\dropbox\fontes vncsihl\lrepeater1200_src\repeater\x64\debug\resources.res
d:\dropbox\dropbox\fontes vncsihl\lrepeater1200_src\repeater\x64\debug\distribu.efa96a16.tlog\cl.command.1.tlog
d:\dropbox\dropbox\fontes vncsihl\lrepeater1200_src\repeater\x64\debug\distribu.efa96a16.tlog\cl.read.1.tlog
d:\dropbox\dropbox\fontes vncsihl\lrepeater1200_src\repeater\x64\debug\distribu.efa96a16.tlog\cl.write.1.tlog
d:\dropbox\dropbox\fontes vncsihl\lrepeater1200_src\repeater\x64\debug\distribu.efa96a16.tlog\link.command.1.tlog
d:\dropbox\dropbox\fontes vncsihl\lrepeater1200_src\repeater\x64\debug\distribu.efa96a16.tlog\link.read.1.tlog
d:\dropbox\dropbox\fontes vncsihl\lrepeater1200_src\repeater\x64\debug\distribu.efa96a16.tlog\link.write.1.tlog
d:\dropbox\dropbox\fontes vncsihl\lrepeater1200_src\repeater\x64\debug\distribu.efa96a16.tlog\rc.command.1.tlog
d:\dropbox\dropbox\fontes vncsihl\lrepeater1200_src\repeater\x64\debug\distribu.efa96a16.tlog\rc.read.1.tlog
d:\dropbox\dropbox\fontes vncsihl\lrepeater1200_src\repeater\x64\debug\distribu.efa96a16.tlog\rc.write.1.tlog
