d:\dropbox\dropbox\fontes vncsihl\ultravnc_src_907\ultravnc project root\ultravnc\libjpeg-turbo-win\debugdll\vc120.pdb
d:\dropbox\dropbox\fontes vncsihl\ultravnc_src_907\ultravnc project root\ultravnc\libjpeg-turbo-win\debugdll\vc120.idb
d:\dropbox\dropbox\fontes vncsihl\ultravnc_src_907\ultravnc project root\ultravnc\libjpeg-turbo-win\debugdll\jdmaster.obj
d:\dropbox\dropbox\fontes vncsihl\ultravnc_src_907\ultravnc project root\ultravnc\libjpeg-turbo-win\debugdll\jdmerge.obj
d:\dropbox\dropbox\fontes vncsihl\ultravnc_src_907\ultravnc project root\ultravnc\libjpeg-turbo-win\debugdll\jdphuff.obj
d:\dropbox\dropbox\fontes vncsihl\ultravnc_src_907\ultravnc project root\ultravnc\libjpeg-turbo-win\debugdll\jdpostct.obj
d:\dropbox\dropbox\fontes vncsihl\ultravnc_src_907\ultravnc project root\ultravnc\libjpeg-turbo-win\debugdll\jdsample.obj
d:\dropbox\dropbox\fontes vncsihl\ultravnc_src_907\ultravnc project root\ultravnc\libjpeg-turbo-win\debugdll\jdtrans.obj
d:\dropbox\dropbox\fontes vncsihl\ultravnc_src_907\ultravnc project root\ultravnc\libjpeg-turbo-win\debugdll\jerror.obj
d:\dropbox\dropbox\fontes vncsihl\ultravnc_src_907\ultravnc project root\ultravnc\libjpeg-turbo-win\debugdll\jfdctflt.obj
d:\dropbox\dropbox\fontes vncsihl\ultravnc_src_907\ultravnc project root\ultravnc\libjpeg-turbo-win\debugdll\jfdctfst.obj
d:\dropbox\dropbox\fontes vncsihl\ultravnc_src_907\ultravnc project root\ultravnc\libjpeg-turbo-win\debugdll\jfdctint.obj
d:\dropbox\dropbox\fontes vncsihl\ultravnc_src_907\ultravnc project root\ultravnc\libjpeg-turbo-win\debugdll\jidctflt.obj
d:\dropbox\dropbox\fontes vncsihl\ultravnc_src_907\ultravnc project root\ultravnc\libjpeg-turbo-win\debugdll\jidctfst.obj
d:\dropbox\dropbox\fontes vncsihl\ultravnc_src_907\ultravnc project root\ultravnc\libjpeg-turbo-win\debugdll\jidctint.obj
d:\dropbox\dropbox\fontes vncsihl\ultravnc_src_907\ultravnc project root\ultravnc\libjpeg-turbo-win\debugdll\jidctred.obj
d:\dropbox\dropbox\fontes vncsihl\ultravnc_src_907\ultravnc project root\ultravnc\libjpeg-turbo-win\debugdll\jmemmgr.obj
d:\dropbox\dropbox\fontes vncsihl\ultravnc_src_907\ultravnc project root\ultravnc\libjpeg-turbo-win\debugdll\jmemnobs.obj
d:\dropbox\dropbox\fontes vncsihl\ultravnc_src_907\ultravnc project root\ultravnc\libjpeg-turbo-win\debugdll\jquant1.obj
d:\dropbox\dropbox\fontes vncsihl\ultravnc_src_907\ultravnc project root\ultravnc\libjpeg-turbo-win\debugdll\jquant2.obj
d:\dropbox\dropbox\fontes vncsihl\ultravnc_src_907\ultravnc project root\ultravnc\libjpeg-turbo-win\debugdll\jsimd_i386.obj
d:\dropbox\dropbox\fontes vncsihl\ultravnc_src_907\ultravnc project root\ultravnc\libjpeg-turbo-win\debugdll\jutils.obj
d:\dropbox\dropbox\fontes vncsihl\ultravnc_src_907\ultravnc project root\ultravnc\libjpeg-turbo-win\debugdll\jcmarker.obj
d:\dropbox\dropbox\fontes vncsihl\ultravnc_src_907\ultravnc project root\ultravnc\libjpeg-turbo-win\debugdll\jcmaster.obj
d:\dropbox\dropbox\fontes vncsihl\ultravnc_src_907\ultravnc project root\ultravnc\libjpeg-turbo-win\debugdll\jcomapi.obj
d:\dropbox\dropbox\fontes vncsihl\ultravnc_src_907\ultravnc project root\ultravnc\libjpeg-turbo-win\debugdll\jcparam.obj
d:\dropbox\dropbox\fontes vncsihl\ultravnc_src_907\ultravnc project root\ultravnc\libjpeg-turbo-win\debugdll\jcphuff.obj
d:\dropbox\dropbox\fontes vncsihl\ultravnc_src_907\ultravnc project root\ultravnc\libjpeg-turbo-win\debugdll\jcprepct.obj
d:\dropbox\dropbox\fontes vncsihl\ultravnc_src_907\ultravnc project root\ultravnc\libjpeg-turbo-win\debugdll\jcsample.obj
d:\dropbox\dropbox\fontes vncsihl\ultravnc_src_907\ultravnc project root\ultravnc\libjpeg-turbo-win\debugdll\jctrans.obj
d:\dropbox\dropbox\fontes vncsihl\ultravnc_src_907\ultravnc project root\ultravnc\libjpeg-turbo-win\debugdll\jdapimin.obj
d:\dropbox\dropbox\fontes vncsihl\ultravnc_src_907\ultravnc project root\ultravnc\libjpeg-turbo-win\debugdll\jdapistd.obj
d:\dropbox\dropbox\fontes vncsihl\ultravnc_src_907\ultravnc project root\ultravnc\libjpeg-turbo-win\debugdll\jdarith.obj
d:\dropbox\dropbox\fontes vncsihl\ultravnc_src_907\ultravnc project root\ultravnc\libjpeg-turbo-win\debugdll\jdatadst.obj
d:\dropbox\dropbox\fontes vncsihl\ultravnc_src_907\ultravnc project root\ultravnc\libjpeg-turbo-win\debugdll\jdatasrc.obj
d:\dropbox\dropbox\fontes vncsihl\ultravnc_src_907\ultravnc project root\ultravnc\libjpeg-turbo-win\debugdll\jdcoefct.obj
d:\dropbox\dropbox\fontes vncsihl\ultravnc_src_907\ultravnc project root\ultravnc\libjpeg-turbo-win\debugdll\jdcolor.obj
d:\dropbox\dropbox\fontes vncsihl\ultravnc_src_907\ultravnc project root\ultravnc\libjpeg-turbo-win\debugdll\jddctmgr.obj
d:\dropbox\dropbox\fontes vncsihl\ultravnc_src_907\ultravnc project root\ultravnc\libjpeg-turbo-win\debugdll\jdhuff.obj
d:\dropbox\dropbox\fontes vncsihl\ultravnc_src_907\ultravnc project root\ultravnc\libjpeg-turbo-win\debugdll\jdinput.obj
d:\dropbox\dropbox\fontes vncsihl\ultravnc_src_907\ultravnc project root\ultravnc\libjpeg-turbo-win\debugdll\jdmainct.obj
d:\dropbox\dropbox\fontes vncsihl\ultravnc_src_907\ultravnc project root\ultravnc\libjpeg-turbo-win\debugdll\jdmarker.obj
d:\dropbox\dropbox\fontes vncsihl\ultravnc_src_907\ultravnc project root\ultravnc\libjpeg-turbo-win\debugdll\jaricom.obj
d:\dropbox\dropbox\fontes vncsihl\ultravnc_src_907\ultravnc project root\ultravnc\libjpeg-turbo-win\debugdll\jcapimin.obj
d:\dropbox\dropbox\fontes vncsihl\ultravnc_src_907\ultravnc project root\ultravnc\libjpeg-turbo-win\debugdll\jcapistd.obj
d:\dropbox\dropbox\fontes vncsihl\ultravnc_src_907\ultravnc project root\ultravnc\libjpeg-turbo-win\debugdll\jcarith.obj
d:\dropbox\dropbox\fontes vncsihl\ultravnc_src_907\ultravnc project root\ultravnc\libjpeg-turbo-win\debugdll\jccoefct.obj
d:\dropbox\dropbox\fontes vncsihl\ultravnc_src_907\ultravnc project root\ultravnc\libjpeg-turbo-win\debugdll\jccolor.obj
d:\dropbox\dropbox\fontes vncsihl\ultravnc_src_907\ultravnc project root\ultravnc\libjpeg-turbo-win\debugdll\jcdctmgr.obj
d:\dropbox\dropbox\fontes vncsihl\ultravnc_src_907\ultravnc project root\ultravnc\libjpeg-turbo-win\debugdll\jchuff.obj
d:\dropbox\dropbox\fontes vncsihl\ultravnc_src_907\ultravnc project root\ultravnc\libjpeg-turbo-win\debugdll\jcinit.obj
d:\dropbox\dropbox\fontes vncsihl\ultravnc_src_907\ultravnc project root\ultravnc\libjpeg-turbo-win\debugdll\jcmainct.obj
d:\dropbox\dropbox\fontes vncsihl\ultravnc_src_907\ultravnc project root\ultravnc\vncviewer\debugdll\jccolmmx.obj
d:\dropbox\dropbox\fontes vncsihl\ultravnc_src_907\ultravnc project root\ultravnc\vncviewer\debugdll\jccolss2.obj
d:\dropbox\dropbox\fontes vncsihl\ultravnc_src_907\ultravnc project root\ultravnc\vncviewer\debugdll\jcqnt3dn.obj
d:\dropbox\dropbox\fontes vncsihl\ultravnc_src_907\ultravnc project root\ultravnc\vncviewer\debugdll\jcqntmmx.obj
d:\dropbox\dropbox\fontes vncsihl\ultravnc_src_907\ultravnc project root\ultravnc\vncviewer\debugdll\jcqnts2f.obj
d:\dropbox\dropbox\fontes vncsihl\ultravnc_src_907\ultravnc project root\ultravnc\vncviewer\debugdll\jcqnts2i.obj
d:\dropbox\dropbox\fontes vncsihl\ultravnc_src_907\ultravnc project root\ultravnc\vncviewer\debugdll\jcqntsse.obj
d:\dropbox\dropbox\fontes vncsihl\ultravnc_src_907\ultravnc project root\ultravnc\vncviewer\debugdll\jcsammmx.obj
d:\dropbox\dropbox\fontes vncsihl\ultravnc_src_907\ultravnc project root\ultravnc\vncviewer\debugdll\jcsamss2.obj
d:\dropbox\dropbox\fontes vncsihl\ultravnc_src_907\ultravnc project root\ultravnc\vncviewer\debugdll\jdcolmmx.obj
d:\dropbox\dropbox\fontes vncsihl\ultravnc_src_907\ultravnc project root\ultravnc\vncviewer\debugdll\jdcolss2.obj
d:\dropbox\dropbox\fontes vncsihl\ultravnc_src_907\ultravnc project root\ultravnc\vncviewer\debugdll\jdmermmx.obj
d:\dropbox\dropbox\fontes vncsihl\ultravnc_src_907\ultravnc project root\ultravnc\vncviewer\debugdll\jdmerss2.obj
d:\dropbox\dropbox\fontes vncsihl\ultravnc_src_907\ultravnc project root\ultravnc\vncviewer\debugdll\jdsammmx.obj
d:\dropbox\dropbox\fontes vncsihl\ultravnc_src_907\ultravnc project root\ultravnc\vncviewer\debugdll\jdsamss2.obj
d:\dropbox\dropbox\fontes vncsihl\ultravnc_src_907\ultravnc project root\ultravnc\vncviewer\debugdll\jf3dnflt.obj
d:\dropbox\dropbox\fontes vncsihl\ultravnc_src_907\ultravnc project root\ultravnc\vncviewer\debugdll\jfmmxfst.obj
d:\dropbox\dropbox\fontes vncsihl\ultravnc_src_907\ultravnc project root\ultravnc\vncviewer\debugdll\jfmmxint.obj
d:\dropbox\dropbox\fontes vncsihl\ultravnc_src_907\ultravnc project root\ultravnc\vncviewer\debugdll\jfss2fst.obj
d:\dropbox\dropbox\fontes vncsihl\ultravnc_src_907\ultravnc project root\ultravnc\vncviewer\debugdll\jfss2int.obj
d:\dropbox\dropbox\fontes vncsihl\ultravnc_src_907\ultravnc project root\ultravnc\vncviewer\debugdll\jfsseflt.obj
d:\dropbox\dropbox\fontes vncsihl\ultravnc_src_907\ultravnc project root\ultravnc\vncviewer\debugdll\ji3dnflt.obj
d:\dropbox\dropbox\fontes vncsihl\ultravnc_src_907\ultravnc project root\ultravnc\vncviewer\debugdll\jimmxfst.obj
d:\dropbox\dropbox\fontes vncsihl\ultravnc_src_907\ultravnc project root\ultravnc\vncviewer\debugdll\jimmxint.obj
d:\dropbox\dropbox\fontes vncsihl\ultravnc_src_907\ultravnc project root\ultravnc\vncviewer\debugdll\jimmxred.obj
d:\dropbox\dropbox\fontes vncsihl\ultravnc_src_907\ultravnc project root\ultravnc\vncviewer\debugdll\jiss2flt.obj
d:\dropbox\dropbox\fontes vncsihl\ultravnc_src_907\ultravnc project root\ultravnc\vncviewer\debugdll\jiss2fst.obj
d:\dropbox\dropbox\fontes vncsihl\ultravnc_src_907\ultravnc project root\ultravnc\vncviewer\debugdll\jiss2int.obj
d:\dropbox\dropbox\fontes vncsihl\ultravnc_src_907\ultravnc project root\ultravnc\vncviewer\debugdll\jiss2red.obj
d:\dropbox\dropbox\fontes vncsihl\ultravnc_src_907\ultravnc project root\ultravnc\vncviewer\debugdll\jisseflt.obj
d:\dropbox\dropbox\fontes vncsihl\ultravnc_src_907\ultravnc project root\ultravnc\vncviewer\debugdll\jsimdcpu.obj
d:\dropbox\dropbox\fontes vncsihl\ultravnc_src_907\ultravnc project root\ultravnc\vncviewer\debugdll\jcgrass2.obj
d:\dropbox\dropbox\fontes vncsihl\ultravnc_src_907\ultravnc project root\ultravnc\vncviewer\debugdll\jcgrammx.obj
d:\dropbox\dropbox\fontes vncsihl\ultravnc_src_907\ultravnc project root\ultravnc\vncviewer\debugdll\libjpeg-turbo-win.lib
d:\dropbox\dropbox\fontes vncsihl\ultravnc_src_907\ultravnc project root\ultravnc\vncviewer\debugdll\libjpeg-turbo-win.exp
d:\dropbox\dropbox\fontes vncsihl\ultravnc_src_907\ultravnc project root\ultravnc\vncviewer\debugdll\libjpeg-turbo-win.dll
d:\dropbox\dropbox\fontes vncsihl\ultravnc_src_907\ultravnc project root\ultravnc\libjpeg-turbo-win\debugdll\libjpeg-.04f91fa4.tlog\cl.command.1.tlog
d:\dropbox\dropbox\fontes vncsihl\ultravnc_src_907\ultravnc project root\ultravnc\libjpeg-turbo-win\debugdll\libjpeg-.04f91fa4.tlog\cl.read.1.tlog
d:\dropbox\dropbox\fontes vncsihl\ultravnc_src_907\ultravnc project root\ultravnc\libjpeg-turbo-win\debugdll\libjpeg-.04f91fa4.tlog\cl.write.1.tlog
d:\dropbox\dropbox\fontes vncsihl\ultravnc_src_907\ultravnc project root\ultravnc\libjpeg-turbo-win\debugdll\libjpeg-.04f91fa4.tlog\custombuild.command.1.tlog
d:\dropbox\dropbox\fontes vncsihl\ultravnc_src_907\ultravnc project root\ultravnc\libjpeg-turbo-win\debugdll\libjpeg-.04f91fa4.tlog\custombuild.read.1.tlog
d:\dropbox\dropbox\fontes vncsihl\ultravnc_src_907\ultravnc project root\ultravnc\libjpeg-turbo-win\debugdll\libjpeg-.04f91fa4.tlog\custombuild.write.1.tlog
d:\dropbox\dropbox\fontes vncsihl\ultravnc_src_907\ultravnc project root\ultravnc\libjpeg-turbo-win\debugdll\libjpeg-.04f91fa4.tlog\libjpeg-turbo-win.write.1u.tlog
d:\dropbox\dropbox\fontes vncsihl\ultravnc_src_907\ultravnc project root\ultravnc\libjpeg-turbo-win\debugdll\libjpeg-.04f91fa4.tlog\link.command.1.tlog
d:\dropbox\dropbox\fontes vncsihl\ultravnc_src_907\ultravnc project root\ultravnc\libjpeg-turbo-win\debugdll\libjpeg-.04f91fa4.tlog\link.read.1.tlog
d:\dropbox\dropbox\fontes vncsihl\ultravnc_src_907\ultravnc project root\ultravnc\libjpeg-turbo-win\debugdll\libjpeg-.04f91fa4.tlog\link.write.1.tlog
