Build started 02/06/2015 16:30:18.
     1>Project "D:\vncsihl\ultravnc_src_907\UltraVNC Project Root\UltraVNC\zipunzip_src\unzip\windll\vc6\lib\unz32libv12.vcxproj" on node 5 (Rebuild target(s)).
     1>ClCompile:
         C:\Program Files (x86)\Microsoft Visual Studio 12.0\VC\bin\CL.exe /c /I../../.. /Zi /nologo /W3 /WX- /Ox /Ob2 /Oi /Ot /Oy- /GT /GL /D NDEBUG /D _WINDOWS /D WIN32 /D WINDLL /D DLL /D UNZIPLIB /D USE_EF_UT_TIME /D _CRT_SECURE_NO_WARNINGS /D _VC80_UPGRADE=0x0600 /D _MBCS /GF /Gm- /EHsc /MT /Zp16 /GS /Gy /Qpar /fp:precise /Zc:wchar_t /Zc:forScope /Fo"Release\\" /Fd"Release\vc120.pdb" /Gd /TC /analyze- /errorReport:prompt ..\..\..\api.c ..\..\..\crc32.c ..\..\..\win32\crc_i386.c ..\..\..\crctab.c ..\..\..\crypt.c ..\..\..\explode.c ..\..\..\extract.c ..\..\..\fileio.c ..\..\..\globals.c ..\..\..\inflate.c ..\..\..\list.c ..\..\..\match.c ..\..\..\win32\nt.c ..\..\..\process.c ..\..\..\unreduce.c ..\..\..\unshrink.c ..\..\..\win32\win32.c ..\..\windll.c ..\..\..\zipinfo.c
         api.c
         crc32.c
         crc_i386.c
         crctab.c
         crypt.c
         explode.c
         extract.c
     1>..\..\..\extract.c(1637): warning C4013: 'inflate_copy' undefined; assuming extern returning int
         fileio.c
         globals.c
         inflate.c
         list.c
         match.c
         nt.c
         process.c
         unreduce.c
         unshrink.c
         win32.c
     1>..\..\..\win32\win32.c(497): warning C4996: 'GetVersion': was declared deprecated
                 C:\Program Files (x86)\Windows Kits\8.1\Include\um\sysinfoapi.h(110) : see declaration of 'GetVersion'
     1>..\..\..\win32\win32.c(810): warning C4244: 'return' : conversion from 'time_t' to 'int', possible loss of data
         windll.c
         zipinfo.c
       Lib:
         C:\Program Files (x86)\Microsoft Visual Studio 12.0\VC\bin\Lib.exe /OUT:"D:\vncsihl\ultravnc_src_907\UltraVNC Project Root\UltraVNC\winvnc\Release\unz32lib.lib" /NOLOGO /LTCG Release\api.obj
         Release\crc32.obj
         Release\crc_i386.obj
         Release\crctab.obj
         Release\crypt.obj
         Release\explode.obj
         Release\extract.obj
         Release\fileio.obj
         Release\globals.obj
         Release\inflate.obj
         Release\list.obj
         Release\match.obj
         Release\nt.obj
         Release\process.obj
         Release\unreduce.obj
         Release\unshrink.obj
         Release\win32.obj
         Release\windll.obj
         Release\zipinfo.obj
         unz32libv12.vcxproj -> D:\vncsihl\ultravnc_src_907\UltraVNC Project Root\UltraVNC\winvnc\Release\unz32lib.lib
     1>Done Building Project "D:\vncsihl\ultravnc_src_907\UltraVNC Project Root\UltraVNC\zipunzip_src\unzip\windll\vc6\lib\unz32libv12.vcxproj" (Rebuild target(s)).

Build succeeded.

Time Elapsed 00:00:04.41
