d:\vncsihl\ultravnc_src_907\ultravnc project root\ultravnc\zipunzip_src\unzip\windll\vc6\lib\release\vc120.pdb
d:\vncsihl\ultravnc_src_907\ultravnc project root\ultravnc\zipunzip_src\unzip\windll\vc6\lib\release\zipinfo.obj
d:\vncsihl\ultravnc_src_907\ultravnc project root\ultravnc\zipunzip_src\unzip\windll\vc6\lib\release\windll.obj
d:\vncsihl\ultravnc_src_907\ultravnc project root\ultravnc\zipunzip_src\unzip\windll\vc6\lib\release\win32.obj
d:\vncsihl\ultravnc_src_907\ultravnc project root\ultravnc\zipunzip_src\unzip\windll\vc6\lib\release\unshrink.obj
d:\vncsihl\ultravnc_src_907\ultravnc project root\ultravnc\zipunzip_src\unzip\windll\vc6\lib\release\unreduce.obj
d:\vncsihl\ultravnc_src_907\ultravnc project root\ultravnc\zipunzip_src\unzip\windll\vc6\lib\release\process.obj
d:\vncsihl\ultravnc_src_907\ultravnc project root\ultravnc\zipunzip_src\unzip\windll\vc6\lib\release\nt.obj
d:\vncsihl\ultravnc_src_907\ultravnc project root\ultravnc\zipunzip_src\unzip\windll\vc6\lib\release\match.obj
d:\vncsihl\ultravnc_src_907\ultravnc project root\ultravnc\zipunzip_src\unzip\windll\vc6\lib\release\list.obj
d:\vncsihl\ultravnc_src_907\ultravnc project root\ultravnc\zipunzip_src\unzip\windll\vc6\lib\release\inflate.obj
d:\vncsihl\ultravnc_src_907\ultravnc project root\ultravnc\zipunzip_src\unzip\windll\vc6\lib\release\globals.obj
d:\vncsihl\ultravnc_src_907\ultravnc project root\ultravnc\zipunzip_src\unzip\windll\vc6\lib\release\fileio.obj
d:\vncsihl\ultravnc_src_907\ultravnc project root\ultravnc\zipunzip_src\unzip\windll\vc6\lib\release\extract.obj
d:\vncsihl\ultravnc_src_907\ultravnc project root\ultravnc\zipunzip_src\unzip\windll\vc6\lib\release\explode.obj
d:\vncsihl\ultravnc_src_907\ultravnc project root\ultravnc\zipunzip_src\unzip\windll\vc6\lib\release\crypt.obj
d:\vncsihl\ultravnc_src_907\ultravnc project root\ultravnc\zipunzip_src\unzip\windll\vc6\lib\release\crctab.obj
d:\vncsihl\ultravnc_src_907\ultravnc project root\ultravnc\zipunzip_src\unzip\windll\vc6\lib\release\crc_i386.obj
d:\vncsihl\ultravnc_src_907\ultravnc project root\ultravnc\zipunzip_src\unzip\windll\vc6\lib\release\crc32.obj
d:\vncsihl\ultravnc_src_907\ultravnc project root\ultravnc\zipunzip_src\unzip\windll\vc6\lib\release\api.obj
d:\vncsihl\ultravnc_src_907\ultravnc project root\ultravnc\winvnc\release\unz32lib.lib
d:\vncsihl\ultravnc_src_907\ultravnc project root\ultravnc\zipunzip_src\unzip\windll\vc6\lib\release\unz32lib.tlog\cl.command.1.tlog
d:\vncsihl\ultravnc_src_907\ultravnc project root\ultravnc\zipunzip_src\unzip\windll\vc6\lib\release\unz32lib.tlog\cl.read.1.tlog
d:\vncsihl\ultravnc_src_907\ultravnc project root\ultravnc\zipunzip_src\unzip\windll\vc6\lib\release\unz32lib.tlog\cl.write.1.tlog
d:\vncsihl\ultravnc_src_907\ultravnc project root\ultravnc\zipunzip_src\unzip\windll\vc6\lib\release\unz32lib.tlog\lib-link.read.1.tlog
d:\vncsihl\ultravnc_src_907\ultravnc project root\ultravnc\zipunzip_src\unzip\windll\vc6\lib\release\unz32lib.tlog\lib-link.write.1.tlog
d:\vncsihl\ultravnc_src_907\ultravnc project root\ultravnc\zipunzip_src\unzip\windll\vc6\lib\release\unz32lib.tlog\lib.command.1.tlog
