d:\dropbox\dropbox\fontes vncsihl\ultravnc_src_907\ultravnc project root\ultravnc\zipunzip_src\unzip\windll\vc6\lib\debug\zipinfo.obj
d:\dropbox\dropbox\fontes vncsihl\ultravnc_src_907\ultravnc project root\ultravnc\zipunzip_src\unzip\windll\vc6\lib\debug\windll.obj
d:\dropbox\dropbox\fontes vncsihl\ultravnc_src_907\ultravnc project root\ultravnc\zipunzip_src\unzip\windll\vc6\lib\debug\win32.obj
d:\dropbox\dropbox\fontes vncsihl\ultravnc_src_907\ultravnc project root\ultravnc\zipunzip_src\unzip\windll\vc6\lib\debug\unshrink.obj
d:\dropbox\dropbox\fontes vncsihl\ultravnc_src_907\ultravnc project root\ultravnc\zipunzip_src\unzip\windll\vc6\lib\debug\unreduce.obj
d:\dropbox\dropbox\fontes vncsihl\ultravnc_src_907\ultravnc project root\ultravnc\zipunzip_src\unzip\windll\vc6\lib\debug\process.obj
d:\dropbox\dropbox\fontes vncsihl\ultravnc_src_907\ultravnc project root\ultravnc\zipunzip_src\unzip\windll\vc6\lib\debug\nt.obj
d:\dropbox\dropbox\fontes vncsihl\ultravnc_src_907\ultravnc project root\ultravnc\zipunzip_src\unzip\windll\vc6\lib\debug\match.obj
d:\dropbox\dropbox\fontes vncsihl\ultravnc_src_907\ultravnc project root\ultravnc\zipunzip_src\unzip\windll\vc6\lib\debug\list.obj
d:\dropbox\dropbox\fontes vncsihl\ultravnc_src_907\ultravnc project root\ultravnc\zipunzip_src\unzip\windll\vc6\lib\debug\inflate.obj
d:\dropbox\dropbox\fontes vncsihl\ultravnc_src_907\ultravnc project root\ultravnc\zipunzip_src\unzip\windll\vc6\lib\debug\globals.obj
d:\dropbox\dropbox\fontes vncsihl\ultravnc_src_907\ultravnc project root\ultravnc\zipunzip_src\unzip\windll\vc6\lib\debug\fileio.obj
d:\dropbox\dropbox\fontes vncsihl\ultravnc_src_907\ultravnc project root\ultravnc\zipunzip_src\unzip\windll\vc6\lib\debug\extract.obj
d:\dropbox\dropbox\fontes vncsihl\ultravnc_src_907\ultravnc project root\ultravnc\zipunzip_src\unzip\windll\vc6\lib\debug\explode.obj
d:\dropbox\dropbox\fontes vncsihl\ultravnc_src_907\ultravnc project root\ultravnc\zipunzip_src\unzip\windll\vc6\lib\debug\crypt.obj
d:\dropbox\dropbox\fontes vncsihl\ultravnc_src_907\ultravnc project root\ultravnc\zipunzip_src\unzip\windll\vc6\lib\debug\crctab.obj
d:\dropbox\dropbox\fontes vncsihl\ultravnc_src_907\ultravnc project root\ultravnc\zipunzip_src\unzip\windll\vc6\lib\debug\crc_i386.obj
d:\dropbox\dropbox\fontes vncsihl\ultravnc_src_907\ultravnc project root\ultravnc\zipunzip_src\unzip\windll\vc6\lib\debug\crc32.obj
d:\dropbox\dropbox\fontes vncsihl\ultravnc_src_907\ultravnc project root\ultravnc\zipunzip_src\unzip\windll\vc6\lib\debug\api.obj
d:\dropbox\dropbox\fontes vncsihl\ultravnc_src_907\ultravnc project root\ultravnc\vncviewer\debug\unz32lib.lib
d:\dropbox\dropbox\fontes vncsihl\ultravnc_src_907\ultravnc project root\ultravnc\zipunzip_src\unzip\windll\vc6\lib\debug\unz32lib.tlog\cl.command.1.tlog
d:\dropbox\dropbox\fontes vncsihl\ultravnc_src_907\ultravnc project root\ultravnc\zipunzip_src\unzip\windll\vc6\lib\debug\unz32lib.tlog\cl.read.1.tlog
d:\dropbox\dropbox\fontes vncsihl\ultravnc_src_907\ultravnc project root\ultravnc\zipunzip_src\unzip\windll\vc6\lib\debug\unz32lib.tlog\cl.write.1.tlog
d:\dropbox\dropbox\fontes vncsihl\ultravnc_src_907\ultravnc project root\ultravnc\zipunzip_src\unzip\windll\vc6\lib\debug\unz32lib.tlog\lib-link.read.1.tlog
d:\dropbox\dropbox\fontes vncsihl\ultravnc_src_907\ultravnc project root\ultravnc\zipunzip_src\unzip\windll\vc6\lib\debug\unz32lib.tlog\lib-link.write.1.tlog
d:\dropbox\dropbox\fontes vncsihl\ultravnc_src_907\ultravnc project root\ultravnc\zipunzip_src\unzip\windll\vc6\lib\debug\unz32lib.tlog\lib.command.1.tlog
