d:\vncsihl\ultravnc_src_907\ultravnc project root\ultravnc\zipunzip_src\zip20\windll\visualc\lib\release\vc120.pdb
d:\vncsihl\ultravnc_src_907\ultravnc project root\ultravnc\zipunzip_src\zip20\windll\visualc\lib\release\zipup.obj
d:\vncsihl\ultravnc_src_907\ultravnc project root\ultravnc\zipunzip_src\zip20\windll\visualc\lib\release\zipfile.obj
d:\vncsihl\ultravnc_src_907\ultravnc project root\ultravnc\zipunzip_src\zip20\windll\visualc\lib\release\zip.obj
d:\vncsihl\ultravnc_src_907\ultravnc project root\ultravnc\zipunzip_src\zip20\windll\visualc\lib\release\windll.obj
d:\vncsihl\ultravnc_src_907\ultravnc project root\ultravnc\zipunzip_src\zip20\windll\visualc\lib\release\win32zip.obj
d:\vncsihl\ultravnc_src_907\ultravnc project root\ultravnc\zipunzip_src\zip20\windll\visualc\lib\release\win32.obj
d:\vncsihl\ultravnc_src_907\ultravnc project root\ultravnc\zipunzip_src\zip20\windll\visualc\lib\release\util.obj
d:\vncsihl\ultravnc_src_907\ultravnc project root\ultravnc\zipunzip_src\zip20\windll\visualc\lib\release\ttyio.obj
d:\vncsihl\ultravnc_src_907\ultravnc project root\ultravnc\zipunzip_src\zip20\windll\visualc\lib\release\trees.obj
d:\vncsihl\ultravnc_src_907\ultravnc project root\ultravnc\zipunzip_src\zip20\windll\visualc\lib\release\nt.obj
d:\vncsihl\ultravnc_src_907\ultravnc project root\ultravnc\zipunzip_src\zip20\windll\visualc\lib\release\globals.obj
d:\vncsihl\ultravnc_src_907\ultravnc project root\ultravnc\zipunzip_src\zip20\windll\visualc\lib\release\fileio.obj
d:\vncsihl\ultravnc_src_907\ultravnc project root\ultravnc\zipunzip_src\zip20\windll\visualc\lib\release\deflate.obj
d:\vncsihl\ultravnc_src_907\ultravnc project root\ultravnc\zipunzip_src\zip20\windll\visualc\lib\release\crypt.obj
d:\vncsihl\ultravnc_src_907\ultravnc project root\ultravnc\zipunzip_src\zip20\windll\visualc\lib\release\crctab.obj
d:\vncsihl\ultravnc_src_907\ultravnc project root\ultravnc\zipunzip_src\zip20\windll\visualc\lib\release\crc32.obj
d:\vncsihl\ultravnc_src_907\ultravnc project root\ultravnc\zipunzip_src\zip20\windll\visualc\lib\release\api.obj
d:\vncsihl\ultravnc_src_907\ultravnc project root\ultravnc\winvnc\release\zip32.lib
d:\vncsihl\ultravnc_src_907\ultravnc project root\ultravnc\zipunzip_src\zip20\windll\visualc\lib\release\windll.res
d:\vncsihl\ultravnc_src_907\ultravnc project root\ultravnc\zipunzip_src\zip20\windll\visualc\lib\release\zip32.tlog\cl.command.1.tlog
d:\vncsihl\ultravnc_src_907\ultravnc project root\ultravnc\zipunzip_src\zip20\windll\visualc\lib\release\zip32.tlog\cl.read.1.tlog
d:\vncsihl\ultravnc_src_907\ultravnc project root\ultravnc\zipunzip_src\zip20\windll\visualc\lib\release\zip32.tlog\cl.write.1.tlog
d:\vncsihl\ultravnc_src_907\ultravnc project root\ultravnc\zipunzip_src\zip20\windll\visualc\lib\release\zip32.tlog\lib-link-cvtres.read.1.tlog
d:\vncsihl\ultravnc_src_907\ultravnc project root\ultravnc\zipunzip_src\zip20\windll\visualc\lib\release\zip32.tlog\lib-link-cvtres.write.1.tlog
d:\vncsihl\ultravnc_src_907\ultravnc project root\ultravnc\zipunzip_src\zip20\windll\visualc\lib\release\zip32.tlog\lib.command.1.tlog
d:\vncsihl\ultravnc_src_907\ultravnc project root\ultravnc\zipunzip_src\zip20\windll\visualc\lib\release\zip32.tlog\rc.command.1.tlog
d:\vncsihl\ultravnc_src_907\ultravnc project root\ultravnc\zipunzip_src\zip20\windll\visualc\lib\release\zip32.tlog\rc.read.1.tlog
d:\vncsihl\ultravnc_src_907\ultravnc project root\ultravnc\zipunzip_src\zip20\windll\visualc\lib\release\zip32.tlog\rc.write.1.tlog
