Build started 02/06/2015 12:57:15.
     1>Project "D:\vncsihl\ultravnc_src_907\UltraVNC Project Root\UltraVNC\setpasswd\setpasswd\setpasswdv12.vcxproj" on node 3 (Build target(s)).
     1>ClCompile:
         C:\Program Files (x86)\Microsoft Visual Studio 12.0\VC\bin\CL.exe /c /ZI /nologo /W3 /WX- /Od /Oy- /D WIN32 /D _DEBUG /D _CONSOLE /D _MBCS /Gm /EHsc /RTC1 /MDd /GS /fp:precise /Zc:wchar_t /Zc:forScope /Fo"Debug\\" /Fd"Debug\vc120.pdb" /Gd /TP /analyze- /errorReport:prompt inifile.cpp setpasswd.cpp stdafx.cpp
         stdafx.cpp
         setpasswd.cpp
     1>d:\vncsihl\ultravnc_src_907\ultravnc project root\ultravnc\setpasswd\setpasswd\setpasswd.cpp(402): warning C4244: 'argument' : conversion from 'time_t' to 'unsigned int', possible loss of data
     1>d:\vncsihl\ultravnc_src_907\ultravnc project root\ultravnc\setpasswd\setpasswd\setpasswd.cpp(419): warning C4996: 'strcpy': This function or variable may be unsafe. Consider using strcpy_s instead. To disable deprecation, use _CRT_SECURE_NO_WARNINGS. See online help for details.
                 c:\program files (x86)\microsoft visual studio 12.0\vc\include\string.h(112) : see declaration of 'strcpy'
         inifile.cpp
     1>d:\vncsihl\ultravnc_src_907\ultravnc project root\ultravnc\setpasswd\setpasswd\inifile.cpp(82): warning C4800: 'BOOL' : forcing value to bool 'true' or 'false' (performance warning)
     1>d:\vncsihl\ultravnc_src_907\ultravnc project root\ultravnc\setpasswd\setpasswd\inifile.cpp(96): warning C4800: 'BOOL' : forcing value to bool 'true' or 'false' (performance warning)
         Generating Code...
       Link:
         C:\Program Files (x86)\Microsoft Visual Studio 12.0\VC\bin\link.exe /ERRORREPORT:PROMPT /OUT:"D:\vncsihl\ultravnc_src_907\UltraVNC Project Root\UltraVNC\winvnc\Debug\setpasswd.exe" /INCREMENTAL /NOLOGO kernel32.lib user32.lib gdi32.lib winspool.lib comdlg32.lib advapi32.lib shell32.lib ole32.lib oleaut32.lib uuid.lib odbc32.lib odbccp32.lib /MANIFEST /MANIFESTUAC:"level='asInvoker' uiAccess='false'" /manifest:embed /DEBUG /PDB:"D:\vncsihl\ultravnc_src_907\UltraVNC Project Root\UltraVNC\winvnc\Debug\setpasswd.pdb" /SUBSYSTEM:CONSOLE /TLBID:1 /DYNAMICBASE /NXCOMPAT /IMPLIB:"D:\vncsihl\ultravnc_src_907\UltraVNC Project Root\UltraVNC\winvnc\Debug\setpasswd.lib" /MACHINE:X86 /SAFESEH Debug\inifile.obj
         Debug\setpasswd.obj
         Debug\stdafx.obj
     1>inifile.obj : warning LNK4075: ignoring '/EDITANDCONTINUE' due to '/SAFESEH' specification
         setpasswdv12.vcxproj -> D:\vncsihl\ultravnc_src_907\UltraVNC Project Root\UltraVNC\winvnc\Debug\setpasswd.exe
     1>Done Building Project "D:\vncsihl\ultravnc_src_907\UltraVNC Project Root\UltraVNC\setpasswd\setpasswd\setpasswdv12.vcxproj" (Build target(s)).

Build succeeded.

Time Elapsed 00:00:02.17
