Build started 02/06/2015 12:57:25.
     1>Project "D:\vncsihl\ultravnc_src_907\UltraVNC Project Root\UltraVNC\uvnc_settings\uvnc_settings\uvnc_settingsv12.vcxproj" on node 2 (Build target(s)).
     1>ClCompile:
         C:\Program Files (x86)\Microsoft Visual Studio 12.0\VC\bin\CL.exe /c /ZI /nologo /W3 /WX- /Od /Oy- /D WIN32 /D _DEBUG /D _WINDOWS /D _CRT_SECURE_NO_WARNINGS /Gm /EHsc /RTC1 /MTd /GS /fp:precise /Zc:wchar_t /Zc:forScope /Yc"stdafx.h" /Fp"Debug\uvnc_settings.pch" /Fo"Debug\\" /Fd"Debug\vc120.pdb" /Gd /TP /analyze- /errorReport:prompt stdafx.cpp
         stdafx.cpp
         C:\Program Files (x86)\Microsoft Visual Studio 12.0\VC\bin\CL.exe /c /ZI /nologo /W3 /WX- /Od /Oy- /D WIN32 /D _DEBUG /D _WINDOWS /D _CRT_SECURE_NO_WARNINGS /Gm /EHsc /RTC1 /MTd /GS /fp:precise /Zc:wchar_t /Zc:forScope /Yu"stdafx.h" /Fp"Debug\uvnc_settings.pch" /Fo"Debug\\" /Fd"Debug\vc120.pdb" /Gd /TP /analyze- /errorReport:prompt capture.cpp connections.cpp createsfx.cpp createsfx2.cpp createsfx3.cpp dsmplugin.cpp filetransfer.cpp firewall.cpp inifile.cpp log.cpp misc.cpp network.cpp security.cpp upnp.cpp uvnc_settings.cpp videodrivercheck.cpp vncOSVersion.cpp vncsetauth.cpp
         vncsetauth.cpp
         vncOSVersion.cpp
     1>d:\vncsihl\ultravnc_src_907\ultravnc project root\ultravnc\uvnc_settings\uvnc_settings\vncosversion.cpp(35): warning C4996: 'GetVersionExA': was declared deprecated
                 c:\program files (x86)\windows kits\8.1\include\um\sysinfoapi.h(433) : see declaration of 'GetVersionExA'
         videodrivercheck.cpp
         uvnc_settings.cpp
         upnp.cpp
         security.cpp
         network.cpp
     1>d:\vncsihl\ultravnc_src_907\ultravnc project root\ultravnc\uvnc_settings\uvnc_settings\network.cpp(125): warning C4244: 'argument' : conversion from 'LONG' to 'const short', possible loss of data
     1>d:\vncsihl\ultravnc_src_907\ultravnc project root\ultravnc\uvnc_settings\uvnc_settings\network.cpp(167): warning C4244: 'argument' : conversion from 'LONG' to 'const short', possible loss of data
         misc.cpp
     1>d:\vncsihl\ultravnc_src_907\ultravnc project root\ultravnc\uvnc_settings\uvnc_settings\misc.cpp(130): warning C4800: 'UINT' : forcing value to bool 'true' or 'false' (performance warning)
     1>d:\vncsihl\ultravnc_src_907\ultravnc project root\ultravnc\uvnc_settings\uvnc_settings\misc.cpp(131): warning C4800: 'UINT' : forcing value to bool 'true' or 'false' (performance warning)
     1>d:\vncsihl\ultravnc_src_907\ultravnc project root\ultravnc\uvnc_settings\uvnc_settings\misc.cpp(132): warning C4800: 'UINT' : forcing value to bool 'true' or 'false' (performance warning)
     1>d:\vncsihl\ultravnc_src_907\ultravnc project root\ultravnc\uvnc_settings\uvnc_settings\misc.cpp(144): warning C4800: 'UINT' : forcing value to bool 'true' or 'false' (performance warning)
     1>d:\vncsihl\ultravnc_src_907\ultravnc project root\ultravnc\uvnc_settings\uvnc_settings\misc.cpp(145): warning C4800: 'UINT' : forcing value to bool 'true' or 'false' (performance warning)
     1>d:\vncsihl\ultravnc_src_907\ultravnc project root\ultravnc\uvnc_settings\uvnc_settings\misc.cpp(146): warning C4800: 'UINT' : forcing value to bool 'true' or 'false' (performance warning)
     1>d:\vncsihl\ultravnc_src_907\ultravnc project root\ultravnc\uvnc_settings\uvnc_settings\misc.cpp(159): warning C4800: 'UINT' : forcing value to bool 'true' or 'false' (performance warning)
     1>d:\vncsihl\ultravnc_src_907\ultravnc project root\ultravnc\uvnc_settings\uvnc_settings\misc.cpp(160): warning C4800: 'UINT' : forcing value to bool 'true' or 'false' (performance warning)
     1>d:\vncsihl\ultravnc_src_907\ultravnc project root\ultravnc\uvnc_settings\uvnc_settings\misc.cpp(161): warning C4800: 'UINT' : forcing value to bool 'true' or 'false' (performance warning)
     1>d:\vncsihl\ultravnc_src_907\ultravnc project root\ultravnc\uvnc_settings\uvnc_settings\misc.cpp(173): warning C4800: 'UINT' : forcing value to bool 'true' or 'false' (performance warning)
     1>d:\vncsihl\ultravnc_src_907\ultravnc project root\ultravnc\uvnc_settings\uvnc_settings\misc.cpp(174): warning C4800: 'UINT' : forcing value to bool 'true' or 'false' (performance warning)
     1>d:\vncsihl\ultravnc_src_907\ultravnc project root\ultravnc\uvnc_settings\uvnc_settings\misc.cpp(175): warning C4800: 'UINT' : forcing value to bool 'true' or 'false' (performance warning)
         log.cpp
         inifile.cpp
         firewall.cpp
         filetransfer.cpp
         dsmplugin.cpp
         createsfx3.cpp
     1>d:\vncsihl\ultravnc_src_907\ultravnc project root\ultravnc\uvnc_settings\uvnc_settings\createsfx3.cpp(129): warning C4244: 'initializing' : conversion from 'std::streamoff' to 'int', possible loss of data
     1>d:\vncsihl\ultravnc_src_907\ultravnc project root\ultravnc\uvnc_settings\uvnc_settings\createsfx3.cpp(139): warning C4244: '=' : conversion from 'std::streamoff' to 'int', possible loss of data
     1>d:\vncsihl\ultravnc_src_907\ultravnc project root\ultravnc\uvnc_settings\uvnc_settings\createsfx3.cpp(149): warning C4244: '=' : conversion from 'std::streamoff' to 'int', possible loss of data
         createsfx2.cpp
     1>d:\vncsihl\ultravnc_src_907\ultravnc project root\ultravnc\uvnc_settings\uvnc_settings\createsfx2.cpp(277): warning C4244: 'argument' : conversion from 'time_t' to 'unsigned int', possible loss of data
         createsfx.cpp
     1>d:\vncsihl\ultravnc_src_907\ultravnc project root\ultravnc\uvnc_settings\uvnc_settings\createsfx.cpp(291): warning C4800: 'LRESULT' : forcing value to bool 'true' or 'false' (performance warning)
     1>d:\vncsihl\ultravnc_src_907\ultravnc project root\ultravnc\uvnc_settings\uvnc_settings\createsfx.cpp(309): warning C4800: 'LRESULT' : forcing value to bool 'true' or 'false' (performance warning)
         connections.cpp
     1>d:\vncsihl\ultravnc_src_907\ultravnc project root\ultravnc\uvnc_settings\uvnc_settings\connections.cpp(108): warning C4800: 'LRESULT' : forcing value to bool 'true' or 'false' (performance warning)
         capture.cpp
         Generating Code...
       ResourceCompile:
         C:\Program Files (x86)\Windows Kits\8.1\bin\x86\rc.exe /l"0x0409" /nologo /fo"Debug\uvnc_settings.res" uvnc_settings.rc 
       Link:
         C:\Program Files (x86)\Microsoft Visual Studio 12.0\VC\bin\link.exe /ERRORREPORT:PROMPT /OUT:"D:\vncsihl\ultravnc_src_907\UltraVNC Project Root\UltraVNC\winvnc\Debug\uvnc_settings.exe" /INCREMENTAL /NOLOGO comctl32.lib version.lib kernel32.lib user32.lib gdi32.lib winspool.lib comdlg32.lib advapi32.lib shell32.lib ole32.lib oleaut32.lib uuid.lib odbc32.lib odbccp32.lib /MANIFEST /MANIFESTUAC:"level='requireAdministrator' uiAccess='false'" /manifest:embed /DEBUG /PDB:"D:\vncsihl\ultravnc_src_907\UltraVNC Project Root\UltraVNC\winvnc\Debug\uvnc_settings.pdb" /SUBSYSTEM:WINDOWS /TLBID:1 /DYNAMICBASE:NO /IMPLIB:"D:\vncsihl\ultravnc_src_907\UltraVNC Project Root\UltraVNC\winvnc\Debug\uvnc_settings.lib" /MACHINE:X86 /SAFESEH Debug\uvnc_settings.res
         Debug\capture.obj
         Debug\connections.obj
         Debug\createsfx.obj
         Debug\createsfx2.obj
         Debug\createsfx3.obj
         Debug\dsmplugin.obj
         Debug\filetransfer.obj
         Debug\firewall.obj
         Debug\inifile.obj
         Debug\log.obj
         Debug\misc.obj
         Debug\network.obj
         Debug\security.obj
         Debug\stdafx.obj
         Debug\upnp.obj
         Debug\uvnc_settings.obj
         Debug\videodrivercheck.obj
         Debug\vncOSVersion.obj
         Debug\vncsetauth.obj
     1>capture.obj : warning LNK4075: ignoring '/EDITANDCONTINUE' due to '/SAFESEH' specification
         uvnc_settingsv12.vcxproj -> D:\vncsihl\ultravnc_src_907\UltraVNC Project Root\UltraVNC\winvnc\Debug\uvnc_settings.exe
     1>Done Building Project "D:\vncsihl\ultravnc_src_907\UltraVNC Project Root\UltraVNC\uvnc_settings\uvnc_settings\uvnc_settingsv12.vcxproj" (Build target(s)).

Build succeeded.

Time Elapsed 00:00:07.64
